  [4;36;1mSQL (0.000301)[0m   [0;1m SELECT name
 FROM sqlite_master
 WHERE type = 'table' AND NOT name = 'sqlite_sequence'
[0m
  [4;35;1mSQL (0.000176)[0m   [0mselect sqlite_version(*)[0m
  [4;36;1mSQL (0.013344)[0m   [0;1mCREATE TABLE "schema_migrations" ("version" varchar(255) NOT NULL) [0m
  [4;35;1mSQL (0.008726)[0m   [0mCREATE UNIQUE INDEX "unique_schema_migrations" ON "schema_migrations" ("version")[0m
  [4;36;1mSQL (0.000307)[0m   [0;1m SELECT name
 FROM sqlite_master
 WHERE type = 'table' AND NOT name = 'sqlite_sequence'
[0m
  [4;35;1mSQL (0.000151)[0m   [0mSELECT version FROM schema_migrations[0m
  [4;36;1mSQL (0.000162)[0m   [0;1mSELECT version FROM schema_migrations[0m
  [4;35;1mSQL (0.000291)[0m   [0m SELECT name
 FROM sqlite_master
 WHERE type = 'table' AND NOT name = 'sqlite_sequence'
[0m
  [4;36;1mSQL (0.000277)[0m   [0;1m SELECT name
 FROM sqlite_master
 WHERE type = 'table' AND NOT name = 'sqlite_sequence'
[0m
  [4;35;1mSQL (0.000232)[0m   [0mselect sqlite_version(*)[0m
  [4;36;1mSQL (0.008033)[0m   [0;1mCREATE TABLE "schema_migrations" ("version" varchar(255) NOT NULL) [0m
  [4;35;1mSQL (0.007697)[0m   [0mCREATE UNIQUE INDEX "unique_schema_migrations" ON "schema_migrations" ("version")[0m
  [4;36;1mSQL (0.000302)[0m   [0;1m SELECT name
 FROM sqlite_master
 WHERE type = 'table' AND NOT name = 'sqlite_sequence'
[0m
  [4;35;1mSQL (0.000154)[0m   [0mSELECT version FROM "schema_migrations"[0m
  [4;36;1mSQL (0.006875)[0m   [0;1mINSERT INTO "schema_migrations" (version) VALUES ('0')[0m
  [4;36;1mSQL (0.000501)[0m   [0;1m SELECT name
 FROM sqlite_master
 WHERE type = 'table' AND NOT name = 'sqlite_sequence'
[0m
  [4;35;1mSQL (0.000107)[0m   [0mSELECT version FROM schema_migrations[0m
  [4;36;1mSQL (0.000198)[0m   [0;1mselect sqlite_version(*)[0m
  [4;35;1mSQL (0.000120)[0m   [0mSELECT version FROM schema_migrations[0m
  [4;36;1mSQL (0.000196)[0m   [0;1m SELECT name
 FROM sqlite_master
 WHERE type = 'table' AND NOT name = 'sqlite_sequence'
[0m
  [4;35;1mSQL (0.000202)[0m   [0m SELECT name
 FROM sqlite_master
 WHERE type = 'table' AND NOT name = 'sqlite_sequence'
[0m
  [4;36;1mSQL (0.000166)[0m   [0;1mselect sqlite_version(*)[0m
  [4;35;1mSQL (0.018529)[0m   [0mCREATE TABLE "schema_migrations" ("version" varchar(255) NOT NULL) [0m
  [4;36;1mSQL (0.007260)[0m   [0;1mCREATE UNIQUE INDEX "unique_schema_migrations" ON "schema_migrations" ("version")[0m
  [4;35;1mSQL (0.000238)[0m   [0m SELECT name
 FROM sqlite_master
 WHERE type = 'table' AND NOT name = 'sqlite_sequence'
[0m
  [4;36;1mSQL (0.000107)[0m   [0;1mSELECT version FROM "schema_migrations"[0m
  [4;35;1mSQL (0.005988)[0m   [0mINSERT INTO "schema_migrations" (version) VALUES ('0')[0m
  [4;36;1mSQL (0.000501)[0m   [0;1m SELECT name
 FROM sqlite_master
 WHERE type = 'table' AND NOT name = 'sqlite_sequence'
[0m
  [4;35;1mSQL (0.000107)[0m   [0mSELECT version FROM schema_migrations[0m
  [4;36;1mSQL (0.000161)[0m   [0;1mselect sqlite_version(*)[0m
  [4;35;1mSQL (0.000106)[0m   [0mSELECT version FROM schema_migrations[0m
  [4;36;1mSQL (0.000192)[0m   [0;1m SELECT name
 FROM sqlite_master
 WHERE type = 'table' AND NOT name = 'sqlite_sequence'
[0m
  [4;35;1mSQL (0.000203)[0m   [0m SELECT name
 FROM sqlite_master
 WHERE type = 'table' AND NOT name = 'sqlite_sequence'
[0m
  [4;36;1mSQL (0.000160)[0m   [0;1mselect sqlite_version(*)[0m
  [4;35;1mSQL (0.029999)[0m   [0mCREATE TABLE "schema_migrations" ("version" varchar(255) NOT NULL) [0m
  [4;36;1mSQL (0.006658)[0m   [0;1mCREATE UNIQUE INDEX "unique_schema_migrations" ON "schema_migrations" ("version")[0m
  [4;35;1mSQL (0.000211)[0m   [0m SELECT name
 FROM sqlite_master
 WHERE type = 'table' AND NOT name = 'sqlite_sequence'
[0m
  [4;36;1mSQL (0.000106)[0m   [0;1mSELECT version FROM "schema_migrations"[0m
  [4;35;1mSQL (0.006505)[0m   [0mINSERT INTO "schema_migrations" (version) VALUES ('0')[0m
  [4;36;1mSQL (0.000500)[0m   [0;1m SELECT name
 FROM sqlite_master
 WHERE type = 'table' AND NOT name = 'sqlite_sequence'
[0m
  [4;35;1mSQL (0.000106)[0m   [0mSELECT version FROM schema_migrations[0m
  [4;36;1mSQL (0.000158)[0m   [0;1mselect sqlite_version(*)[0m
  [4;35;1mSQL (0.000106)[0m   [0mSELECT version FROM schema_migrations[0m
  [4;36;1mSQL (0.000190)[0m   [0;1m SELECT name
 FROM sqlite_master
 WHERE type = 'table' AND NOT name = 'sqlite_sequence'
[0m
  [4;35;1mSQL (0.000194)[0m   [0m SELECT name
 FROM sqlite_master
 WHERE type = 'table' AND NOT name = 'sqlite_sequence'
[0m
  [4;36;1mSQL (0.000162)[0m   [0;1mselect sqlite_version(*)[0m
  [4;35;1mSQL (0.013282)[0m   [0mCREATE TABLE "schema_migrations" ("version" varchar(255) NOT NULL) [0m
  [4;36;1mSQL (0.006147)[0m   [0;1mCREATE UNIQUE INDEX "unique_schema_migrations" ON "schema_migrations" ("version")[0m
  [4;35;1mSQL (0.000212)[0m   [0m SELECT name
 FROM sqlite_master
 WHERE type = 'table' AND NOT name = 'sqlite_sequence'
[0m
  [4;36;1mSQL (0.000105)[0m   [0;1mSELECT version FROM "schema_migrations"[0m
  [4;35;1mSQL (0.011678)[0m   [0mINSERT INTO "schema_migrations" (version) VALUES ('0')[0m
  [4;36;1mSQL (0.000514)[0m   [0;1m SELECT name
 FROM sqlite_master
 WHERE type = 'table' AND NOT name = 'sqlite_sequence'
[0m
  [4;35;1mSQL (0.000107)[0m   [0mSELECT version FROM schema_migrations[0m
  [4;36;1mSQL (0.000162)[0m   [0;1mselect sqlite_version(*)[0m
  [4;35;1mSQL (0.000107)[0m   [0mSELECT version FROM schema_migrations[0m
  [4;36;1mSQL (0.000190)[0m   [0;1m SELECT name
 FROM sqlite_master
 WHERE type = 'table' AND NOT name = 'sqlite_sequence'
[0m
  [4;35;1mSQL (0.000192)[0m   [0m SELECT name
 FROM sqlite_master
 WHERE type = 'table' AND NOT name = 'sqlite_sequence'
[0m
  [4;36;1mSQL (0.000160)[0m   [0;1mselect sqlite_version(*)[0m
  [4;35;1mSQL (0.035104)[0m   [0mCREATE TABLE "schema_migrations" ("version" varchar(255) NOT NULL) [0m
  [4;36;1mSQL (0.008302)[0m   [0;1mCREATE UNIQUE INDEX "unique_schema_migrations" ON "schema_migrations" ("version")[0m
  [4;35;1mSQL (0.000214)[0m   [0m SELECT name
 FROM sqlite_master
 WHERE type = 'table' AND NOT name = 'sqlite_sequence'
[0m
  [4;36;1mSQL (0.000106)[0m   [0;1mSELECT version FROM "schema_migrations"[0m
  [4;35;1mSQL (0.005452)[0m   [0mINSERT INTO "schema_migrations" (version) VALUES ('0')[0m
  [4;36;1mSQL (0.000498)[0m   [0;1m SELECT name
 FROM sqlite_master
 WHERE type = 'table' AND NOT name = 'sqlite_sequence'
[0m
  [4;35;1mSQL (0.000107)[0m   [0mSELECT version FROM schema_migrations[0m
  [4;36;1mSQL (0.000173)[0m   [0;1mselect sqlite_version(*)[0m
  [4;35;1mSQL (0.000108)[0m   [0mSELECT version FROM schema_migrations[0m
  [4;36;1mSQL (0.000191)[0m   [0;1m SELECT name
 FROM sqlite_master
 WHERE type = 'table' AND NOT name = 'sqlite_sequence'
[0m
  [4;35;1mSQL (0.000194)[0m   [0m SELECT name
 FROM sqlite_master
 WHERE type = 'table' AND NOT name = 'sqlite_sequence'
[0m
  [4;36;1mSQL (0.000171)[0m   [0;1mselect sqlite_version(*)[0m
  [4;35;1mSQL (0.012960)[0m   [0mCREATE TABLE "schema_migrations" ("version" varchar(255) NOT NULL) [0m
  [4;36;1mSQL (0.008645)[0m   [0;1mCREATE UNIQUE INDEX "unique_schema_migrations" ON "schema_migrations" ("version")[0m
  [4;35;1mSQL (0.000213)[0m   [0m SELECT name
 FROM sqlite_master
 WHERE type = 'table' AND NOT name = 'sqlite_sequence'
[0m
  [4;36;1mSQL (0.000103)[0m   [0;1mSELECT version FROM "schema_migrations"[0m
  [4;35;1mSQL (0.006195)[0m   [0mINSERT INTO "schema_migrations" (version) VALUES ('0')[0m
  [4;36;1mSQL (0.000505)[0m   [0;1m SELECT name
 FROM sqlite_master
 WHERE type = 'table' AND NOT name = 'sqlite_sequence'
[0m
  [4;35;1mSQL (0.000107)[0m   [0mSELECT version FROM schema_migrations[0m
  [4;36;1mSQL (0.000158)[0m   [0;1mselect sqlite_version(*)[0m
  [4;35;1mSQL (0.000105)[0m   [0mSELECT version FROM schema_migrations[0m
  [4;36;1mSQL (0.000189)[0m   [0;1m SELECT name
 FROM sqlite_master
 WHERE type = 'table' AND NOT name = 'sqlite_sequence'
[0m
  [4;35;1mSQL (0.000310)[0m   [0m SELECT name
 FROM sqlite_master
 WHERE type = 'table' AND NOT name = 'sqlite_sequence'
[0m
  [4;36;1mSQL (0.000160)[0m   [0;1mselect sqlite_version(*)[0m
  [4;35;1mSQL (0.012350)[0m   [0mCREATE TABLE "schema_migrations" ("version" varchar(255) NOT NULL) [0m
  [4;36;1mSQL (0.006909)[0m   [0;1mCREATE UNIQUE INDEX "unique_schema_migrations" ON "schema_migrations" ("version")[0m
  [4;35;1mSQL (0.000206)[0m   [0m SELECT name
 FROM sqlite_master
 WHERE type = 'table' AND NOT name = 'sqlite_sequence'
[0m
  [4;36;1mSQL (0.000105)[0m   [0;1mSELECT version FROM "schema_migrations"[0m
  [4;35;1mSQL (0.006397)[0m   [0mINSERT INTO "schema_migrations" (version) VALUES ('0')[0m
  [4;36;1mSQL (0.000505)[0m   [0;1m SELECT name
 FROM sqlite_master
 WHERE type = 'table' AND NOT name = 'sqlite_sequence'
[0m
  [4;35;1mSQL (0.000107)[0m   [0mSELECT version FROM schema_migrations[0m
  [4;36;1mSQL (0.000167)[0m   [0;1mselect sqlite_version(*)[0m
  [4;35;1mSQL (0.000108)[0m   [0mSELECT version FROM schema_migrations[0m
  [4;36;1mSQL (0.000189)[0m   [0;1m SELECT name
 FROM sqlite_master
 WHERE type = 'table' AND NOT name = 'sqlite_sequence'
[0m
  [4;35;1mSQL (0.000196)[0m   [0m SELECT name
 FROM sqlite_master
 WHERE type = 'table' AND NOT name = 'sqlite_sequence'
[0m
  [4;36;1mSQL (0.000165)[0m   [0;1mselect sqlite_version(*)[0m
  [4;35;1mSQL (0.013556)[0m   [0mCREATE TABLE "schema_migrations" ("version" varchar(255) NOT NULL) [0m
  [4;36;1mSQL (0.008929)[0m   [0;1mCREATE UNIQUE INDEX "unique_schema_migrations" ON "schema_migrations" ("version")[0m
  [4;35;1mSQL (0.000213)[0m   [0m SELECT name
 FROM sqlite_master
 WHERE type = 'table' AND NOT name = 'sqlite_sequence'
[0m
  [4;36;1mSQL (0.000122)[0m   [0;1mSELECT version FROM "schema_migrations"[0m
  [4;35;1mSQL (0.009934)[0m   [0mINSERT INTO "schema_migrations" (version) VALUES ('0')[0m
  [4;36;1mSQL (0.000504)[0m   [0;1m SELECT name
 FROM sqlite_master
 WHERE type = 'table' AND NOT name = 'sqlite_sequence'
[0m
  [4;35;1mSQL (0.000107)[0m   [0mSELECT version FROM schema_migrations[0m
  [4;36;1mSQL (0.000164)[0m   [0;1mselect sqlite_version(*)[0m
  [4;35;1mSQL (0.000121)[0m   [0mSELECT version FROM schema_migrations[0m
  [4;36;1mSQL (0.000191)[0m   [0;1m SELECT name
 FROM sqlite_master
 WHERE type = 'table' AND NOT name = 'sqlite_sequence'
[0m
  [4;35;1mSQL (0.000194)[0m   [0m SELECT name
 FROM sqlite_master
 WHERE type = 'table' AND NOT name = 'sqlite_sequence'
[0m
  [4;36;1mSQL (0.000162)[0m   [0;1mselect sqlite_version(*)[0m
  [4;35;1mSQL (0.026348)[0m   [0mCREATE TABLE "schema_migrations" ("version" varchar(255) NOT NULL) [0m
  [4;36;1mSQL (0.008633)[0m   [0;1mCREATE UNIQUE INDEX "unique_schema_migrations" ON "schema_migrations" ("version")[0m
  [4;35;1mSQL (0.000218)[0m   [0m SELECT name
 FROM sqlite_master
 WHERE type = 'table' AND NOT name = 'sqlite_sequence'
[0m
  [4;36;1mSQL (0.000106)[0m   [0;1mSELECT version FROM "schema_migrations"[0m
  [4;35;1mSQL (0.008985)[0m   [0mINSERT INTO "schema_migrations" (version) VALUES ('0')[0m
  [4;36;1mSQL (0.000492)[0m   [0;1m SELECT name
 FROM sqlite_master
 WHERE type = 'table' AND NOT name = 'sqlite_sequence'
[0m
  [4;35;1mSQL (0.000108)[0m   [0mSELECT version FROM schema_migrations[0m
  [4;36;1mSQL (0.000162)[0m   [0;1mselect sqlite_version(*)[0m
  [4;35;1mSQL (0.000107)[0m   [0mSELECT version FROM schema_migrations[0m
  [4;36;1mSQL (0.000193)[0m   [0;1m SELECT name
 FROM sqlite_master
 WHERE type = 'table' AND NOT name = 'sqlite_sequence'
[0m
  [4;35;1mSQL (0.000196)[0m   [0m SELECT name
 FROM sqlite_master
 WHERE type = 'table' AND NOT name = 'sqlite_sequence'
[0m
  [4;36;1mSQL (0.000172)[0m   [0;1mselect sqlite_version(*)[0m
  [4;35;1mSQL (0.016103)[0m   [0mCREATE TABLE "schema_migrations" ("version" varchar(255) NOT NULL) [0m
  [4;36;1mSQL (0.010103)[0m   [0;1mCREATE UNIQUE INDEX "unique_schema_migrations" ON "schema_migrations" ("version")[0m
  [4;35;1mSQL (0.000210)[0m   [0m SELECT name
 FROM sqlite_master
 WHERE type = 'table' AND NOT name = 'sqlite_sequence'
[0m
  [4;36;1mSQL (0.000106)[0m   [0;1mSELECT version FROM "schema_migrations"[0m
  [4;35;1mSQL (0.013791)[0m   [0mINSERT INTO "schema_migrations" (version) VALUES ('0')[0m
  [4;36;1mSQL (0.000498)[0m   [0;1m SELECT name
 FROM sqlite_master
 WHERE type = 'table' AND NOT name = 'sqlite_sequence'
[0m
  [4;35;1mSQL (0.000107)[0m   [0mSELECT version FROM schema_migrations[0m
  [4;36;1mSQL (0.000161)[0m   [0;1mselect sqlite_version(*)[0m
  [4;35;1mSQL (0.000107)[0m   [0mSELECT version FROM schema_migrations[0m
  [4;36;1mSQL (0.000191)[0m   [0;1m SELECT name
 FROM sqlite_master
 WHERE type = 'table' AND NOT name = 'sqlite_sequence'
[0m
  [4;35;1mSQL (0.000196)[0m   [0m SELECT name
 FROM sqlite_master
 WHERE type = 'table' AND NOT name = 'sqlite_sequence'
[0m
  [4;36;1mSQL (0.000161)[0m   [0;1mselect sqlite_version(*)[0m
  [4;35;1mSQL (0.007155)[0m   [0mCREATE TABLE "schema_migrations" ("version" varchar(255) NOT NULL) [0m
  [4;36;1mSQL (0.007333)[0m   [0;1mCREATE UNIQUE INDEX "unique_schema_migrations" ON "schema_migrations" ("version")[0m
  [4;35;1mSQL (0.000212)[0m   [0m SELECT name
 FROM sqlite_master
 WHERE type = 'table' AND NOT name = 'sqlite_sequence'
[0m
  [4;36;1mSQL (0.000105)[0m   [0;1mSELECT version FROM "schema_migrations"[0m
  [4;35;1mSQL (0.006623)[0m   [0mINSERT INTO "schema_migrations" (version) VALUES ('0')[0m
  [4;36;1mSQL (0.000511)[0m   [0;1m SELECT name
 FROM sqlite_master
 WHERE type = 'table' AND NOT name = 'sqlite_sequence'
[0m
  [4;35;1mSQL (0.000108)[0m   [0mSELECT version FROM schema_migrations[0m
  [4;36;1mSQL (0.000159)[0m   [0;1mselect sqlite_version(*)[0m
  [4;35;1mSQL (0.000107)[0m   [0mSELECT version FROM schema_migrations[0m
  [4;36;1mSQL (0.000191)[0m   [0;1m SELECT name
 FROM sqlite_master
 WHERE type = 'table' AND NOT name = 'sqlite_sequence'
[0m
  [4;35;1mSQL (0.000203)[0m   [0m SELECT name
 FROM sqlite_master
 WHERE type = 'table' AND NOT name = 'sqlite_sequence'
[0m
  [4;36;1mSQL (0.000163)[0m   [0;1mselect sqlite_version(*)[0m
  [4;35;1mSQL (0.014733)[0m   [0mCREATE TABLE "schema_migrations" ("version" varchar(255) NOT NULL) [0m
  [4;36;1mSQL (0.010231)[0m   [0;1mCREATE UNIQUE INDEX "unique_schema_migrations" ON "schema_migrations" ("version")[0m
  [4;35;1mSQL (0.000216)[0m   [0m SELECT name
 FROM sqlite_master
 WHERE type = 'table' AND NOT name = 'sqlite_sequence'
[0m
  [4;36;1mSQL (0.000106)[0m   [0;1mSELECT version FROM "schema_migrations"[0m
  [4;35;1mSQL (0.005417)[0m   [0mINSERT INTO "schema_migrations" (version) VALUES ('0')[0m
  [4;36;1mSQL (0.000503)[0m   [0;1m SELECT name
 FROM sqlite_master
 WHERE type = 'table' AND NOT name = 'sqlite_sequence'
[0m
  [4;35;1mSQL (0.000108)[0m   [0mSELECT version FROM schema_migrations[0m
  [4;36;1mSQL (0.000165)[0m   [0;1mselect sqlite_version(*)[0m
  [4;35;1mSQL (0.000108)[0m   [0mSELECT version FROM schema_migrations[0m
  [4;36;1mSQL (0.000190)[0m   [0;1m SELECT name
 FROM sqlite_master
 WHERE type = 'table' AND NOT name = 'sqlite_sequence'
[0m
  [4;35;1mSQL (0.000200)[0m   [0m SELECT name
 FROM sqlite_master
 WHERE type = 'table' AND NOT name = 'sqlite_sequence'
[0m
  [4;36;1mSQL (0.000162)[0m   [0;1mselect sqlite_version(*)[0m
  [4;35;1mSQL (0.015118)[0m   [0mCREATE TABLE "schema_migrations" ("version" varchar(255) NOT NULL) [0m
  [4;36;1mSQL (0.006483)[0m   [0;1mCREATE UNIQUE INDEX "unique_schema_migrations" ON "schema_migrations" ("version")[0m
  [4;35;1mSQL (0.000213)[0m   [0m SELECT name
 FROM sqlite_master
 WHERE type = 'table' AND NOT name = 'sqlite_sequence'
[0m
  [4;36;1mSQL (0.000108)[0m   [0;1mSELECT version FROM "schema_migrations"[0m
  [4;35;1mSQL (0.006019)[0m   [0mINSERT INTO "schema_migrations" (version) VALUES ('0')[0m
  [4;36;1mSQL (0.000598)[0m   [0;1m SELECT name
 FROM sqlite_master
 WHERE type = 'table' AND NOT name = 'sqlite_sequence'
[0m
  [4;35;1mSQL (0.000113)[0m   [0mSELECT version FROM schema_migrations[0m
  [4;36;1mSQL (0.000176)[0m   [0;1mselect sqlite_version(*)[0m
  [4;35;1mSQL (0.000112)[0m   [0mSELECT version FROM schema_migrations[0m
  [4;36;1mSQL (0.000195)[0m   [0;1m SELECT name
 FROM sqlite_master
 WHERE type = 'table' AND NOT name = 'sqlite_sequence'
[0m
  [4;35;1mSQL (0.000193)[0m   [0m SELECT name
 FROM sqlite_master
 WHERE type = 'table' AND NOT name = 'sqlite_sequence'
[0m
  [4;36;1mSQL (0.000165)[0m   [0;1mselect sqlite_version(*)[0m
  [4;35;1mSQL (0.025432)[0m   [0mCREATE TABLE "schema_migrations" ("version" varchar(255) NOT NULL) [0m
  [4;36;1mSQL (0.006197)[0m   [0;1mCREATE UNIQUE INDEX "unique_schema_migrations" ON "schema_migrations" ("version")[0m
  [4;35;1mSQL (0.000215)[0m   [0m SELECT name
 FROM sqlite_master
 WHERE type = 'table' AND NOT name = 'sqlite_sequence'
[0m
  [4;36;1mSQL (0.000107)[0m   [0;1mSELECT version FROM "schema_migrations"[0m
  [4;35;1mSQL (0.005502)[0m   [0mINSERT INTO "schema_migrations" (version) VALUES ('0')[0m
  [4;36;1mSQL (0.000501)[0m   [0;1m SELECT name
 FROM sqlite_master
 WHERE type = 'table' AND NOT name = 'sqlite_sequence'
[0m
  [4;35;1mSQL (0.000108)[0m   [0mSELECT version FROM schema_migrations[0m
  [4;36;1mSQL (0.000243)[0m   [0;1mselect sqlite_version(*)[0m
  [4;35;1mSQL (0.000122)[0m   [0mSELECT version FROM schema_migrations[0m
  [4;36;1mSQL (0.000198)[0m   [0;1m SELECT name
 FROM sqlite_master
 WHERE type = 'table' AND NOT name = 'sqlite_sequence'
[0m
  [4;35;1mSQL (0.000194)[0m   [0m SELECT name
 FROM sqlite_master
 WHERE type = 'table' AND NOT name = 'sqlite_sequence'
[0m
  [4;36;1mSQL (0.000162)[0m   [0;1mselect sqlite_version(*)[0m
  [4;35;1mSQL (0.011569)[0m   [0mCREATE TABLE "schema_migrations" ("version" varchar(255) NOT NULL) [0m
  [4;36;1mSQL (0.005627)[0m   [0;1mCREATE UNIQUE INDEX "unique_schema_migrations" ON "schema_migrations" ("version")[0m
  [4;35;1mSQL (0.000230)[0m   [0m SELECT name
 FROM sqlite_master
 WHERE type = 'table' AND NOT name = 'sqlite_sequence'
[0m
  [4;36;1mSQL (0.000105)[0m   [0;1mSELECT version FROM "schema_migrations"[0m
  [4;35;1mSQL (0.010433)[0m   [0mINSERT INTO "schema_migrations" (version) VALUES ('0')[0m
  [4;36;1mSQL (0.000736)[0m   [0;1m SELECT name
 FROM sqlite_master
 WHERE type = 'table' AND NOT name = 'sqlite_sequence'
[0m
  [4;35;1mSQL (0.000109)[0m   [0mSELECT version FROM schema_migrations[0m
  [4;36;1mSQL (0.000224)[0m   [0;1mselect sqlite_version(*)[0m
  [4;35;1mSQL (0.000120)[0m   [0mSELECT version FROM schema_migrations[0m
  [4;36;1mSQL (0.000195)[0m   [0;1m SELECT name
 FROM sqlite_master
 WHERE type = 'table' AND NOT name = 'sqlite_sequence'
[0m
  [4;35;1mSQL (0.000196)[0m   [0m SELECT name
 FROM sqlite_master
 WHERE type = 'table' AND NOT name = 'sqlite_sequence'
[0m
  [4;36;1mSQL (0.000164)[0m   [0;1mselect sqlite_version(*)[0m
  [4;35;1mSQL (0.160880)[0m   [0mCREATE TABLE "schema_migrations" ("version" varchar(255) NOT NULL) [0m
  [4;36;1mSQL (0.011781)[0m   [0;1mCREATE UNIQUE INDEX "unique_schema_migrations" ON "schema_migrations" ("version")[0m
  [4;35;1mSQL (0.000532)[0m   [0m SELECT name
 FROM sqlite_master
 WHERE type = 'table' AND NOT name = 'sqlite_sequence'
[0m
  [4;36;1mSQL (0.000234)[0m   [0;1mSELECT version FROM "schema_migrations"[0m
  [4;35;1mSQL (0.008395)[0m   [0mINSERT INTO "schema_migrations" (version) VALUES ('0')[0m
  [4;36;1mSQL (0.000496)[0m   [0;1m SELECT name
 FROM sqlite_master
 WHERE type = 'table' AND NOT name = 'sqlite_sequence'
[0m
  [4;35;1mSQL (0.000108)[0m   [0mSELECT version FROM schema_migrations[0m
  [4;36;1mSQL (0.000166)[0m   [0;1mselect sqlite_version(*)[0m
  [4;35;1mSQL (0.000108)[0m   [0mSELECT version FROM schema_migrations[0m
  [4;36;1mSQL (0.000190)[0m   [0;1m SELECT name
 FROM sqlite_master
 WHERE type = 'table' AND NOT name = 'sqlite_sequence'
[0m
  [4;35;1mSQL (0.000196)[0m   [0m SELECT name
 FROM sqlite_master
 WHERE type = 'table' AND NOT name = 'sqlite_sequence'
[0m
  [4;36;1mSQL (0.000164)[0m   [0;1mselect sqlite_version(*)[0m
  [4;35;1mSQL (0.030094)[0m   [0mCREATE TABLE "schema_migrations" ("version" varchar(255) NOT NULL) [0m
  [4;36;1mSQL (0.006933)[0m   [0;1mCREATE UNIQUE INDEX "unique_schema_migrations" ON "schema_migrations" ("version")[0m
  [4;35;1mSQL (0.000215)[0m   [0m SELECT name
 FROM sqlite_master
 WHERE type = 'table' AND NOT name = 'sqlite_sequence'
[0m
  [4;36;1mSQL (0.000105)[0m   [0;1mSELECT version FROM "schema_migrations"[0m
  [4;35;1mSQL (0.006615)[0m   [0mINSERT INTO "schema_migrations" (version) VALUES ('0')[0m
  [4;36;1mSQL (0.000504)[0m   [0;1m SELECT name
 FROM sqlite_master
 WHERE type = 'table' AND NOT name = 'sqlite_sequence'
[0m
  [4;35;1mSQL (0.000107)[0m   [0mSELECT version FROM schema_migrations[0m
  [4;36;1mSQL (0.000161)[0m   [0;1mselect sqlite_version(*)[0m
  [4;35;1mSQL (0.000119)[0m   [0mSELECT version FROM schema_migrations[0m
  [4;36;1mSQL (0.000190)[0m   [0;1m SELECT name
 FROM sqlite_master
 WHERE type = 'table' AND NOT name = 'sqlite_sequence'
[0m
  [4;35;1mSQL (0.000196)[0m   [0m SELECT name
 FROM sqlite_master
 WHERE type = 'table' AND NOT name = 'sqlite_sequence'
[0m
  [4;36;1mSQL (0.000161)[0m   [0;1mselect sqlite_version(*)[0m
  [4;35;1mSQL (0.030476)[0m   [0mCREATE TABLE "schema_migrations" ("version" varchar(255) NOT NULL) [0m
  [4;36;1mSQL (0.007041)[0m   [0;1mCREATE UNIQUE INDEX "unique_schema_migrations" ON "schema_migrations" ("version")[0m
  [4;35;1mSQL (0.000253)[0m   [0m SELECT name
 FROM sqlite_master
 WHERE type = 'table' AND NOT name = 'sqlite_sequence'
[0m
  [4;36;1mSQL (0.000126)[0m   [0;1mSELECT version FROM "schema_migrations"[0m
  [4;35;1mSQL (0.006338)[0m   [0mINSERT INTO "schema_migrations" (version) VALUES ('0')[0m
  [4;36;1mSQL (0.000744)[0m   [0;1m SELECT name
 FROM sqlite_master
 WHERE type = 'table' AND NOT name = 'sqlite_sequence'
[0m
  [4;35;1mSQL (0.000109)[0m   [0mSELECT version FROM schema_migrations[0m
  [4;36;1mSQL (0.000162)[0m   [0;1mselect sqlite_version(*)[0m
  [4;35;1mSQL (0.000107)[0m   [0mSELECT version FROM schema_migrations[0m
  [4;36;1mSQL (0.000190)[0m   [0;1m SELECT name
 FROM sqlite_master
 WHERE type = 'table' AND NOT name = 'sqlite_sequence'
[0m
  [4;35;1mSQL (0.000197)[0m   [0m SELECT name
 FROM sqlite_master
 WHERE type = 'table' AND NOT name = 'sqlite_sequence'
[0m
  [4;36;1mSQL (0.000161)[0m   [0;1mselect sqlite_version(*)[0m
  [4;35;1mSQL (0.032359)[0m   [0mCREATE TABLE "schema_migrations" ("version" varchar(255) NOT NULL) [0m
  [4;36;1mSQL (0.011343)[0m   [0;1mCREATE UNIQUE INDEX "unique_schema_migrations" ON "schema_migrations" ("version")[0m
  [4;35;1mSQL (0.000324)[0m   [0m SELECT name
 FROM sqlite_master
 WHERE type = 'table' AND NOT name = 'sqlite_sequence'
[0m
  [4;36;1mSQL (0.000127)[0m   [0;1mSELECT version FROM "schema_migrations"[0m
  [4;35;1mSQL (0.006256)[0m   [0mINSERT INTO "schema_migrations" (version) VALUES ('0')[0m
  [4;36;1mSQL (0.000500)[0m   [0;1m SELECT name
 FROM sqlite_master
 WHERE type = 'table' AND NOT name = 'sqlite_sequence'
[0m
  [4;35;1mSQL (0.000106)[0m   [0mSELECT version FROM schema_migrations[0m
  [4;36;1mSQL (0.000161)[0m   [0;1mselect sqlite_version(*)[0m
  [4;35;1mSQL (0.000106)[0m   [0mSELECT version FROM schema_migrations[0m
  [4;36;1mSQL (0.000190)[0m   [0;1m SELECT name
 FROM sqlite_master
 WHERE type = 'table' AND NOT name = 'sqlite_sequence'
[0m
  [4;35;1mSQL (0.000194)[0m   [0m SELECT name
 FROM sqlite_master
 WHERE type = 'table' AND NOT name = 'sqlite_sequence'
[0m
  [4;36;1mSQL (0.000158)[0m   [0;1mselect sqlite_version(*)[0m
  [4;35;1mSQL (0.017331)[0m   [0mCREATE TABLE "schema_migrations" ("version" varchar(255) NOT NULL) [0m
  [4;36;1mSQL (0.008609)[0m   [0;1mCREATE UNIQUE INDEX "unique_schema_migrations" ON "schema_migrations" ("version")[0m
  [4;35;1mSQL (0.000227)[0m   [0m SELECT name
 FROM sqlite_master
 WHERE type = 'table' AND NOT name = 'sqlite_sequence'
[0m
  [4;36;1mSQL (0.000106)[0m   [0;1mSELECT version FROM "schema_migrations"[0m
  [4;35;1mSQL (0.005006)[0m   [0mINSERT INTO "schema_migrations" (version) VALUES ('0')[0m
  [4;36;1mSQL (0.000510)[0m   [0;1m SELECT name
 FROM sqlite_master
 WHERE type = 'table' AND NOT name = 'sqlite_sequence'
[0m
  [4;35;1mSQL (0.000107)[0m   [0mSELECT version FROM schema_migrations[0m
  [4;36;1mSQL (0.000161)[0m   [0;1mselect sqlite_version(*)[0m
  [4;35;1mSQL (0.000106)[0m   [0mSELECT version FROM schema_migrations[0m
  [4;36;1mSQL (0.000189)[0m   [0;1m SELECT name
 FROM sqlite_master
 WHERE type = 'table' AND NOT name = 'sqlite_sequence'
[0m
  [4;35;1mSQL (0.000197)[0m   [0m SELECT name
 FROM sqlite_master
 WHERE type = 'table' AND NOT name = 'sqlite_sequence'
[0m
  [4;36;1mSQL (0.000161)[0m   [0;1mselect sqlite_version(*)[0m
  [4;35;1mSQL (0.023656)[0m   [0mCREATE TABLE "schema_migrations" ("version" varchar(255) NOT NULL) [0m
  [4;36;1mSQL (0.007900)[0m   [0;1mCREATE UNIQUE INDEX "unique_schema_migrations" ON "schema_migrations" ("version")[0m
  [4;35;1mSQL (0.000234)[0m   [0m SELECT name
 FROM sqlite_master
 WHERE type = 'table' AND NOT name = 'sqlite_sequence'
[0m
  [4;36;1mSQL (0.000108)[0m   [0;1mSELECT version FROM "schema_migrations"[0m
  [4;35;1mSQL (0.005812)[0m   [0mINSERT INTO "schema_migrations" (version) VALUES ('0')[0m
  [4;36;1mSQL (0.000520)[0m   [0;1m SELECT name
 FROM sqlite_master
 WHERE type = 'table' AND NOT name = 'sqlite_sequence'
[0m
  [4;35;1mSQL (0.000107)[0m   [0mSELECT version FROM schema_migrations[0m
  [4;36;1mSQL (0.000207)[0m   [0;1mselect sqlite_version(*)[0m
  [4;35;1mSQL (0.000119)[0m   [0mSELECT version FROM schema_migrations[0m
  [4;36;1mSQL (0.000214)[0m   [0;1m SELECT name
 FROM sqlite_master
 WHERE type = 'table' AND NOT name = 'sqlite_sequence'
[0m
  [4;35;1mSQL (0.000198)[0m   [0m SELECT name
 FROM sqlite_master
 WHERE type = 'table' AND NOT name = 'sqlite_sequence'
[0m
  [4;36;1mSQL (0.000164)[0m   [0;1mselect sqlite_version(*)[0m
  [4;35;1mSQL (0.019577)[0m   [0mCREATE TABLE "schema_migrations" ("version" varchar(255) NOT NULL) [0m
  [4;36;1mSQL (0.007327)[0m   [0;1mCREATE UNIQUE INDEX "unique_schema_migrations" ON "schema_migrations" ("version")[0m
  [4;35;1mSQL (0.000240)[0m   [0m SELECT name
 FROM sqlite_master
 WHERE type = 'table' AND NOT name = 'sqlite_sequence'
[0m
  [4;36;1mSQL (0.000106)[0m   [0;1mSELECT version FROM "schema_migrations"[0m
  [4;35;1mSQL (0.006297)[0m   [0mINSERT INTO "schema_migrations" (version) VALUES ('0')[0m
  [4;36;1mSQL (0.000502)[0m   [0;1m SELECT name
 FROM sqlite_master
 WHERE type = 'table' AND NOT name = 'sqlite_sequence'
[0m
  [4;35;1mSQL (0.000117)[0m   [0mSELECT version FROM schema_migrations[0m
  [4;36;1mSQL (0.000163)[0m   [0;1mselect sqlite_version(*)[0m
  [4;35;1mSQL (0.000107)[0m   [0mSELECT version FROM schema_migrations[0m
  [4;36;1mSQL (0.000190)[0m   [0;1m SELECT name
 FROM sqlite_master
 WHERE type = 'table' AND NOT name = 'sqlite_sequence'
[0m
  [4;35;1mSQL (0.000208)[0m   [0m SELECT name
 FROM sqlite_master
 WHERE type = 'table' AND NOT name = 'sqlite_sequence'
[0m
  [4;36;1mSQL (0.000169)[0m   [0;1mselect sqlite_version(*)[0m
  [4;35;1mSQL (0.014784)[0m   [0mCREATE TABLE "schema_migrations" ("version" varchar(255) NOT NULL) [0m
  [4;36;1mSQL (0.010903)[0m   [0;1mCREATE UNIQUE INDEX "unique_schema_migrations" ON "schema_migrations" ("version")[0m
  [4;35;1mSQL (0.000255)[0m   [0m SELECT name
 FROM sqlite_master
 WHERE type = 'table' AND NOT name = 'sqlite_sequence'
[0m
  [4;36;1mSQL (0.000107)[0m   [0;1mSELECT version FROM "schema_migrations"[0m
  [4;35;1mSQL (0.006198)[0m   [0mINSERT INTO "schema_migrations" (version) VALUES ('0')[0m
  [4;36;1mSQL (0.000507)[0m   [0;1m SELECT name
 FROM sqlite_master
 WHERE type = 'table' AND NOT name = 'sqlite_sequence'
[0m
  [4;35;1mSQL (0.000107)[0m   [0mSELECT version FROM schema_migrations[0m
  [4;36;1mSQL (0.000179)[0m   [0;1mselect sqlite_version(*)[0m
  [4;35;1mSQL (0.000114)[0m   [0mSELECT version FROM schema_migrations[0m
  [4;36;1mSQL (0.000193)[0m   [0;1m SELECT name
 FROM sqlite_master
 WHERE type = 'table' AND NOT name = 'sqlite_sequence'
[0m
  [4;35;1mSQL (0.000207)[0m   [0m SELECT name
 FROM sqlite_master
 WHERE type = 'table' AND NOT name = 'sqlite_sequence'
[0m
  [4;36;1mSQL (0.000168)[0m   [0;1mselect sqlite_version(*)[0m
  [4;35;1mSQL (0.019505)[0m   [0mCREATE TABLE "schema_migrations" ("version" varchar(255) NOT NULL) [0m
  [4;36;1mSQL (0.005781)[0m   [0;1mCREATE UNIQUE INDEX "unique_schema_migrations" ON "schema_migrations" ("version")[0m
  [4;35;1mSQL (0.000229)[0m   [0m SELECT name
 FROM sqlite_master
 WHERE type = 'table' AND NOT name = 'sqlite_sequence'
[0m
  [4;36;1mSQL (0.000106)[0m   [0;1mSELECT version FROM "schema_migrations"[0m
  [4;35;1mSQL (0.007532)[0m   [0mINSERT INTO "schema_migrations" (version) VALUES ('0')[0m
  [4;36;1mSQL (0.000643)[0m   [0;1m SELECT name
 FROM sqlite_master
 WHERE type = 'table' AND NOT name = 'sqlite_sequence'
[0m
  [4;35;1mSQL (0.000108)[0m   [0mSELECT version FROM schema_migrations[0m
  [4;36;1mSQL (0.000169)[0m   [0;1mselect sqlite_version(*)[0m
  [4;35;1mSQL (0.000110)[0m   [0mSELECT version FROM schema_migrations[0m
  [4;36;1mSQL (0.000191)[0m   [0;1m SELECT name
 FROM sqlite_master
 WHERE type = 'table' AND NOT name = 'sqlite_sequence'
[0m
  [4;35;1mSQL (0.000201)[0m   [0m SELECT name
 FROM sqlite_master
 WHERE type = 'table' AND NOT name = 'sqlite_sequence'
[0m
  [4;36;1mSQL (0.000164)[0m   [0;1mselect sqlite_version(*)[0m
  [4;35;1mSQL (0.014160)[0m   [0mCREATE TABLE "schema_migrations" ("version" varchar(255) NOT NULL) [0m
  [4;36;1mSQL (0.010473)[0m   [0;1mCREATE UNIQUE INDEX "unique_schema_migrations" ON "schema_migrations" ("version")[0m
  [4;35;1mSQL (0.000237)[0m   [0m SELECT name
 FROM sqlite_master
 WHERE type = 'table' AND NOT name = 'sqlite_sequence'
[0m
  [4;36;1mSQL (0.000106)[0m   [0;1mSELECT version FROM "schema_migrations"[0m
  [4;35;1mSQL (0.008977)[0m   [0mINSERT INTO "schema_migrations" (version) VALUES ('0')[0m
  [4;36;1mSQL (0.000514)[0m   [0;1m SELECT name
 FROM sqlite_master
 WHERE type = 'table' AND NOT name = 'sqlite_sequence'
[0m
  [4;35;1mSQL (0.000107)[0m   [0mSELECT version FROM schema_migrations[0m
  [4;36;1mSQL (0.000175)[0m   [0;1mselect sqlite_version(*)[0m
  [4;35;1mSQL (0.000108)[0m   [0mSELECT version FROM schema_migrations[0m
  [4;36;1mSQL (0.000557)[0m   [0;1m SELECT name
 FROM sqlite_master
 WHERE type = 'table' AND NOT name = 'sqlite_sequence'
[0m
  [4;35;1mSQL (0.000204)[0m   [0m SELECT name
 FROM sqlite_master
 WHERE type = 'table' AND NOT name = 'sqlite_sequence'
[0m
  [4;36;1mSQL (0.000167)[0m   [0;1mselect sqlite_version(*)[0m
  [4;35;1mSQL (0.020236)[0m   [0mCREATE TABLE "schema_migrations" ("version" varchar(255) NOT NULL) [0m
  [4;36;1mSQL (0.009690)[0m   [0;1mCREATE UNIQUE INDEX "unique_schema_migrations" ON "schema_migrations" ("version")[0m
  [4;35;1mSQL (0.000247)[0m   [0m SELECT name
 FROM sqlite_master
 WHERE type = 'table' AND NOT name = 'sqlite_sequence'
[0m
  [4;36;1mSQL (0.000114)[0m   [0;1mSELECT version FROM "schema_migrations"[0m
  [4;35;1mSQL (0.009047)[0m   [0mINSERT INTO "schema_migrations" (version) VALUES ('0')[0m
  [4;36;1mSQL (0.000509)[0m   [0;1m SELECT name
 FROM sqlite_master
 WHERE type = 'table' AND NOT name = 'sqlite_sequence'
[0m
  [4;35;1mSQL (0.000107)[0m   [0mSELECT version FROM schema_migrations[0m
  [4;36;1mSQL (0.000175)[0m   [0;1mselect sqlite_version(*)[0m
  [4;35;1mSQL (0.000122)[0m   [0mSELECT version FROM schema_migrations[0m
  [4;36;1mSQL (0.000191)[0m   [0;1m SELECT name
 FROM sqlite_master
 WHERE type = 'table' AND NOT name = 'sqlite_sequence'
[0m
  [4;35;1mSQL (0.000196)[0m   [0m SELECT name
 FROM sqlite_master
 WHERE type = 'table' AND NOT name = 'sqlite_sequence'
[0m
  [4;36;1mSQL (0.000174)[0m   [0;1mselect sqlite_version(*)[0m
  [4;35;1mSQL (0.016044)[0m   [0mCREATE TABLE "schema_migrations" ("version" varchar(255) NOT NULL) [0m
  [4;36;1mSQL (0.005950)[0m   [0;1mCREATE UNIQUE INDEX "unique_schema_migrations" ON "schema_migrations" ("version")[0m
  [4;35;1mSQL (0.000253)[0m   [0m SELECT name
 FROM sqlite_master
 WHERE type = 'table' AND NOT name = 'sqlite_sequence'
[0m
  [4;36;1mSQL (0.000106)[0m   [0;1mSELECT version FROM "schema_migrations"[0m
  [4;35;1mSQL (0.006070)[0m   [0mINSERT INTO "schema_migrations" (version) VALUES ('0')[0m
  [4;36;1mSQL (0.000500)[0m   [0;1m SELECT name
 FROM sqlite_master
 WHERE type = 'table' AND NOT name = 'sqlite_sequence'
[0m
  [4;35;1mSQL (0.000106)[0m   [0mSELECT version FROM schema_migrations[0m
  [4;36;1mSQL (0.000166)[0m   [0;1mselect sqlite_version(*)[0m
  [4;35;1mSQL (0.000109)[0m   [0mSELECT version FROM schema_migrations[0m
  [4;36;1mSQL (0.000190)[0m   [0;1m SELECT name
 FROM sqlite_master
 WHERE type = 'table' AND NOT name = 'sqlite_sequence'
[0m
  [4;35;1mSQL (0.000214)[0m   [0m SELECT name
 FROM sqlite_master
 WHERE type = 'table' AND NOT name = 'sqlite_sequence'
[0m
  [4;36;1mSQL (0.000166)[0m   [0;1mselect sqlite_version(*)[0m
  [4;35;1mSQL (0.016126)[0m   [0mCREATE TABLE "schema_migrations" ("version" varchar(255) NOT NULL) [0m
  [4;36;1mSQL (0.009520)[0m   [0;1mCREATE UNIQUE INDEX "unique_schema_migrations" ON "schema_migrations" ("version")[0m
  [4;35;1mSQL (0.000252)[0m   [0m SELECT name
 FROM sqlite_master
 WHERE type = 'table' AND NOT name = 'sqlite_sequence'
[0m
  [4;36;1mSQL (0.000106)[0m   [0;1mSELECT version FROM "schema_migrations"[0m
  [4;35;1mSQL (0.013457)[0m   [0mINSERT INTO "schema_migrations" (version) VALUES ('0')[0m
  [4;36;1mSQL (0.000496)[0m   [0;1m SELECT name
 FROM sqlite_master
 WHERE type = 'table' AND NOT name = 'sqlite_sequence'
[0m
  [4;35;1mSQL (0.000106)[0m   [0mSELECT version FROM schema_migrations[0m
  [4;36;1mSQL (0.000163)[0m   [0;1mselect sqlite_version(*)[0m
  [4;35;1mSQL (0.000106)[0m   [0mSELECT version FROM schema_migrations[0m
  [4;36;1mSQL (0.000195)[0m   [0;1m SELECT name
 FROM sqlite_master
 WHERE type = 'table' AND NOT name = 'sqlite_sequence'
[0m
  [4;35;1mSQL (0.000201)[0m   [0m SELECT name
 FROM sqlite_master
 WHERE type = 'table' AND NOT name = 'sqlite_sequence'
[0m
  [4;36;1mSQL (0.000165)[0m   [0;1mselect sqlite_version(*)[0m
  [4;35;1mSQL (0.018900)[0m   [0mCREATE TABLE "schema_migrations" ("version" varchar(255) NOT NULL) [0m
  [4;36;1mSQL (0.006585)[0m   [0;1mCREATE UNIQUE INDEX "unique_schema_migrations" ON "schema_migrations" ("version")[0m
  [4;35;1mSQL (0.000244)[0m   [0m SELECT name
 FROM sqlite_master
 WHERE type = 'table' AND NOT name = 'sqlite_sequence'
[0m
  [4;36;1mSQL (0.000106)[0m   [0;1mSELECT version FROM "schema_migrations"[0m
  [4;35;1mSQL (0.006462)[0m   [0mINSERT INTO "schema_migrations" (version) VALUES ('0')[0m
  [4;36;1mSQL (0.000504)[0m   [0;1m SELECT name
 FROM sqlite_master
 WHERE type = 'table' AND NOT name = 'sqlite_sequence'
[0m
  [4;35;1mSQL (0.000107)[0m   [0mSELECT version FROM schema_migrations[0m
  [4;36;1mSQL (0.000214)[0m   [0;1mselect sqlite_version(*)[0m
  [4;35;1mSQL (0.000123)[0m   [0mSELECT version FROM schema_migrations[0m
  [4;36;1mSQL (0.000210)[0m   [0;1m SELECT name
 FROM sqlite_master
 WHERE type = 'table' AND NOT name = 'sqlite_sequence'
[0m
  [4;35;1mSQL (0.000210)[0m   [0m SELECT name
 FROM sqlite_master
 WHERE type = 'table' AND NOT name = 'sqlite_sequence'
[0m
  [4;36;1mSQL (0.000169)[0m   [0;1mselect sqlite_version(*)[0m
  [4;35;1mSQL (0.013758)[0m   [0mCREATE TABLE "schema_migrations" ("version" varchar(255) NOT NULL) [0m
  [4;36;1mSQL (0.008419)[0m   [0;1mCREATE UNIQUE INDEX "unique_schema_migrations" ON "schema_migrations" ("version")[0m
  [4;35;1mSQL (0.000243)[0m   [0m SELECT name
 FROM sqlite_master
 WHERE type = 'table' AND NOT name = 'sqlite_sequence'
[0m
  [4;36;1mSQL (0.000108)[0m   [0;1mSELECT version FROM "schema_migrations"[0m
  [4;35;1mSQL (0.009182)[0m   [0mINSERT INTO "schema_migrations" (version) VALUES ('0')[0m
  [4;36;1mSQL (0.000500)[0m   [0;1m SELECT name
 FROM sqlite_master
 WHERE type = 'table' AND NOT name = 'sqlite_sequence'
[0m
  [4;35;1mSQL (0.000107)[0m   [0mSELECT version FROM schema_migrations[0m
  [4;36;1mSQL (0.000166)[0m   [0;1mselect sqlite_version(*)[0m
  [4;35;1mSQL (0.000108)[0m   [0mSELECT version FROM schema_migrations[0m
  [4;36;1mSQL (0.000190)[0m   [0;1m SELECT name
 FROM sqlite_master
 WHERE type = 'table' AND NOT name = 'sqlite_sequence'
[0m
  [4;35;1mSQL (0.000215)[0m   [0m SELECT name
 FROM sqlite_master
 WHERE type = 'table' AND NOT name = 'sqlite_sequence'
[0m
  [4;36;1mSQL (0.000173)[0m   [0;1mselect sqlite_version(*)[0m
  [4;35;1mSQL (0.028009)[0m   [0mCREATE TABLE "schema_migrations" ("version" varchar(255) NOT NULL) [0m
  [4;36;1mSQL (0.008665)[0m   [0;1mCREATE UNIQUE INDEX "unique_schema_migrations" ON "schema_migrations" ("version")[0m
  [4;35;1mSQL (0.000277)[0m   [0m SELECT name
 FROM sqlite_master
 WHERE type = 'table' AND NOT name = 'sqlite_sequence'
[0m
  [4;36;1mSQL (0.000109)[0m   [0;1mSELECT version FROM "schema_migrations"[0m
  [4;35;1mSQL (0.006810)[0m   [0mINSERT INTO "schema_migrations" (version) VALUES ('0')[0m
  [4;36;1mSQL (0.000505)[0m   [0;1m SELECT name
 FROM sqlite_master
 WHERE type = 'table' AND NOT name = 'sqlite_sequence'
[0m
  [4;35;1mSQL (0.000112)[0m   [0mSELECT version FROM schema_migrations[0m
  [4;36;1mSQL (0.000167)[0m   [0;1mselect sqlite_version(*)[0m
  [4;35;1mSQL (0.000122)[0m   [0mSELECT version FROM schema_migrations[0m
  [4;36;1mSQL (0.000241)[0m   [0;1m SELECT name
 FROM sqlite_master
 WHERE type = 'table' AND NOT name = 'sqlite_sequence'
[0m
  [4;35;1mSQL (0.000214)[0m   [0m SELECT name
 FROM sqlite_master
 WHERE type = 'table' AND NOT name = 'sqlite_sequence'
[0m
  [4;36;1mSQL (0.000173)[0m   [0;1mselect sqlite_version(*)[0m
  [4;35;1mSQL (0.022504)[0m   [0mCREATE TABLE "schema_migrations" ("version" varchar(255) NOT NULL) [0m
  [4;36;1mSQL (0.008003)[0m   [0;1mCREATE UNIQUE INDEX "unique_schema_migrations" ON "schema_migrations" ("version")[0m
  [4;35;1mSQL (0.000248)[0m   [0m SELECT name
 FROM sqlite_master
 WHERE type = 'table' AND NOT name = 'sqlite_sequence'
[0m
  [4;36;1mSQL (0.000106)[0m   [0;1mSELECT version FROM "schema_migrations"[0m
  [4;35;1mSQL (0.005602)[0m   [0mINSERT INTO "schema_migrations" (version) VALUES ('0')[0m
  [4;36;1mSQL (0.000557)[0m   [0;1m SELECT name
 FROM sqlite_master
 WHERE type = 'table' AND NOT name = 'sqlite_sequence'
[0m
  [4;35;1mSQL (0.000110)[0m   [0mSELECT version FROM schema_migrations[0m
  [4;36;1mSQL (0.000210)[0m   [0;1mselect sqlite_version(*)[0m
  [4;35;1mSQL (0.000112)[0m   [0mSELECT version FROM schema_migrations[0m
  [4;36;1mSQL (0.000194)[0m   [0;1m SELECT name
 FROM sqlite_master
 WHERE type = 'table' AND NOT name = 'sqlite_sequence'
[0m
  [4;35;1mSQL (0.000235)[0m   [0m SELECT name
 FROM sqlite_master
 WHERE type = 'table' AND NOT name = 'sqlite_sequence'
[0m
  [4;36;1mSQL (0.000170)[0m   [0;1mselect sqlite_version(*)[0m
  [4;35;1mSQL (0.009249)[0m   [0mCREATE TABLE "schema_migrations" ("version" varchar(255) NOT NULL) [0m
  [4;36;1mSQL (0.011887)[0m   [0;1mCREATE UNIQUE INDEX "unique_schema_migrations" ON "schema_migrations" ("version")[0m
  [4;35;1mSQL (0.000271)[0m   [0m SELECT name
 FROM sqlite_master
 WHERE type = 'table' AND NOT name = 'sqlite_sequence'
[0m
  [4;36;1mSQL (0.000107)[0m   [0;1mSELECT version FROM "schema_migrations"[0m
  [4;35;1mSQL (0.009399)[0m   [0mINSERT INTO "schema_migrations" (version) VALUES ('0')[0m
  [4;36;1mSQL (0.000501)[0m   [0;1m SELECT name
 FROM sqlite_master
 WHERE type = 'table' AND NOT name = 'sqlite_sequence'
[0m
  [4;35;1mSQL (0.000106)[0m   [0mSELECT version FROM schema_migrations[0m
  [4;36;1mSQL (0.000161)[0m   [0;1mselect sqlite_version(*)[0m
  [4;35;1mSQL (0.000106)[0m   [0mSELECT version FROM schema_migrations[0m
  [4;36;1mSQL (0.000190)[0m   [0;1m SELECT name
 FROM sqlite_master
 WHERE type = 'table' AND NOT name = 'sqlite_sequence'
[0m
  [4;35;1mSQL (0.000210)[0m   [0m SELECT name
 FROM sqlite_master
 WHERE type = 'table' AND NOT name = 'sqlite_sequence'
[0m
  [4;36;1mSQL (0.000168)[0m   [0;1mselect sqlite_version(*)[0m
  [4;35;1mSQL (0.018345)[0m   [0mCREATE TABLE "schema_migrations" ("version" varchar(255) NOT NULL) [0m
  [4;36;1mSQL (0.006428)[0m   [0;1mCREATE UNIQUE INDEX "unique_schema_migrations" ON "schema_migrations" ("version")[0m
  [4;35;1mSQL (0.000230)[0m   [0m SELECT name
 FROM sqlite_master
 WHERE type = 'table' AND NOT name = 'sqlite_sequence'
[0m
  [4;36;1mSQL (0.000106)[0m   [0;1mSELECT version FROM "schema_migrations"[0m
  [4;35;1mSQL (0.008359)[0m   [0mINSERT INTO "schema_migrations" (version) VALUES ('0')[0m
  [4;36;1mSQL (0.000504)[0m   [0;1m SELECT name
 FROM sqlite_master
 WHERE type = 'table' AND NOT name = 'sqlite_sequence'
[0m
  [4;35;1mSQL (0.000106)[0m   [0mSELECT version FROM schema_migrations[0m
  [4;36;1mSQL (0.000228)[0m   [0;1mselect sqlite_version(*)[0m
  [4;35;1mSQL (0.000125)[0m   [0mSELECT version FROM schema_migrations[0m
  [4;36;1mSQL (0.000196)[0m   [0;1m SELECT name
 FROM sqlite_master
 WHERE type = 'table' AND NOT name = 'sqlite_sequence'
[0m
  [4;35;1mSQL (0.000201)[0m   [0m SELECT name
 FROM sqlite_master
 WHERE type = 'table' AND NOT name = 'sqlite_sequence'
[0m
  [4;36;1mSQL (0.000166)[0m   [0;1mselect sqlite_version(*)[0m
  [4;35;1mSQL (0.015497)[0m   [0mCREATE TABLE "schema_migrations" ("version" varchar(255) NOT NULL) [0m
  [4;36;1mSQL (0.011135)[0m   [0;1mCREATE UNIQUE INDEX "unique_schema_migrations" ON "schema_migrations" ("version")[0m
  [4;35;1mSQL (0.000303)[0m   [0m SELECT name
 FROM sqlite_master
 WHERE type = 'table' AND NOT name = 'sqlite_sequence'
[0m
  [4;36;1mSQL (0.000112)[0m   [0;1mSELECT version FROM "schema_migrations"[0m
  [4;35;1mSQL (0.007182)[0m   [0mINSERT INTO "schema_migrations" (version) VALUES ('0')[0m
  [4;36;1mSQL (0.000508)[0m   [0;1m SELECT name
 FROM sqlite_master
 WHERE type = 'table' AND NOT name = 'sqlite_sequence'
[0m
  [4;35;1mSQL (0.000108)[0m   [0mSELECT version FROM schema_migrations[0m
  [4;36;1mSQL (0.000168)[0m   [0;1mselect sqlite_version(*)[0m
  [4;35;1mSQL (0.000108)[0m   [0mSELECT version FROM schema_migrations[0m
  [4;36;1mSQL (0.000201)[0m   [0;1m SELECT name
 FROM sqlite_master
 WHERE type = 'table' AND NOT name = 'sqlite_sequence'
[0m
  [4;35;1mSQL (0.000241)[0m   [0m SELECT name
 FROM sqlite_master
 WHERE type = 'table' AND NOT name = 'sqlite_sequence'
[0m
  [4;36;1mSQL (0.000185)[0m   [0;1mselect sqlite_version(*)[0m
  [4;35;1mSQL (0.015409)[0m   [0mCREATE TABLE "schema_migrations" ("version" varchar(255) NOT NULL) [0m
  [4;36;1mSQL (0.006504)[0m   [0;1mCREATE UNIQUE INDEX "unique_schema_migrations" ON "schema_migrations" ("version")[0m
  [4;35;1mSQL (0.000230)[0m   [0m SELECT name
 FROM sqlite_master
 WHERE type = 'table' AND NOT name = 'sqlite_sequence'
[0m
  [4;36;1mSQL (0.000105)[0m   [0;1mSELECT version FROM "schema_migrations"[0m
  [4;35;1mSQL (0.009511)[0m   [0mINSERT INTO "schema_migrations" (version) VALUES ('0')[0m
  [4;36;1mSQL (0.000519)[0m   [0;1m SELECT name
 FROM sqlite_master
 WHERE type = 'table' AND NOT name = 'sqlite_sequence'
[0m
  [4;35;1mSQL (0.000119)[0m   [0mSELECT version FROM schema_migrations[0m
  [4;36;1mSQL (0.000183)[0m   [0;1mselect sqlite_version(*)[0m
  [4;35;1mSQL (0.000109)[0m   [0mSELECT version FROM schema_migrations[0m
  [4;36;1mSQL (0.000193)[0m   [0;1m SELECT name
 FROM sqlite_master
 WHERE type = 'table' AND NOT name = 'sqlite_sequence'
[0m
  [4;35;1mSQL (0.000197)[0m   [0m SELECT name
 FROM sqlite_master
 WHERE type = 'table' AND NOT name = 'sqlite_sequence'
[0m
  [4;36;1mSQL (0.000166)[0m   [0;1mselect sqlite_version(*)[0m
  [4;35;1mSQL (0.017337)[0m   [0mCREATE TABLE "schema_migrations" ("version" varchar(255) NOT NULL) [0m
  [4;36;1mSQL (0.009109)[0m   [0;1mCREATE UNIQUE INDEX "unique_schema_migrations" ON "schema_migrations" ("version")[0m
  [4;35;1mSQL (0.000245)[0m   [0m SELECT name
 FROM sqlite_master
 WHERE type = 'table' AND NOT name = 'sqlite_sequence'
[0m
  [4;36;1mSQL (0.000106)[0m   [0;1mSELECT version FROM "schema_migrations"[0m
  [4;35;1mSQL (0.006668)[0m   [0mINSERT INTO "schema_migrations" (version) VALUES ('0')[0m
  [4;36;1mSQL (0.000493)[0m   [0;1m SELECT name
 FROM sqlite_master
 WHERE type = 'table' AND NOT name = 'sqlite_sequence'
[0m
  [4;35;1mSQL (0.000106)[0m   [0mSELECT version FROM schema_migrations[0m
  [4;36;1mSQL (0.000211)[0m   [0;1mselect sqlite_version(*)[0m
  [4;35;1mSQL (0.000115)[0m   [0mSELECT version FROM schema_migrations[0m
  [4;36;1mSQL (0.000258)[0m   [0;1m SELECT name
 FROM sqlite_master
 WHERE type = 'table' AND NOT name = 'sqlite_sequence'
[0m
  [4;35;1mSQL (0.000197)[0m   [0m SELECT name
 FROM sqlite_master
 WHERE type = 'table' AND NOT name = 'sqlite_sequence'
[0m
  [4;36;1mSQL (0.000164)[0m   [0;1mselect sqlite_version(*)[0m
  [4;35;1mSQL (0.019260)[0m   [0mCREATE TABLE "schema_migrations" ("version" varchar(255) NOT NULL) [0m
  [4;36;1mSQL (0.010347)[0m   [0;1mCREATE UNIQUE INDEX "unique_schema_migrations" ON "schema_migrations" ("version")[0m
  [4;35;1mSQL (0.000248)[0m   [0m SELECT name
 FROM sqlite_master
 WHERE type = 'table' AND NOT name = 'sqlite_sequence'
[0m
  [4;36;1mSQL (0.000108)[0m   [0;1mSELECT version FROM "schema_migrations"[0m
  [4;35;1mSQL (0.005853)[0m   [0mINSERT INTO "schema_migrations" (version) VALUES ('0')[0m
  [4;36;1mSQL (0.000545)[0m   [0;1m SELECT name
 FROM sqlite_master
 WHERE type = 'table' AND NOT name = 'sqlite_sequence'
[0m
  [4;35;1mSQL (0.000106)[0m   [0mSELECT version FROM schema_migrations[0m
  [4;36;1mSQL (0.000173)[0m   [0;1mselect sqlite_version(*)[0m
  [4;35;1mSQL (0.000108)[0m   [0mSELECT version FROM schema_migrations[0m
  [4;36;1mSQL (0.000205)[0m   [0;1m SELECT name
 FROM sqlite_master
 WHERE type = 'table' AND NOT name = 'sqlite_sequence'
[0m
  [4;35;1mSQL (0.000207)[0m   [0m SELECT name
 FROM sqlite_master
 WHERE type = 'table' AND NOT name = 'sqlite_sequence'
[0m
  [4;36;1mSQL (0.000186)[0m   [0;1mselect sqlite_version(*)[0m
  [4;35;1mSQL (0.012524)[0m   [0mCREATE TABLE "schema_migrations" ("version" varchar(255) NOT NULL) [0m
  [4;36;1mSQL (0.006411)[0m   [0;1mCREATE UNIQUE INDEX "unique_schema_migrations" ON "schema_migrations" ("version")[0m
  [4;35;1mSQL (0.000227)[0m   [0m SELECT name
 FROM sqlite_master
 WHERE type = 'table' AND NOT name = 'sqlite_sequence'
[0m
  [4;36;1mSQL (0.000106)[0m   [0;1mSELECT version FROM "schema_migrations"[0m
  [4;35;1mSQL (0.006193)[0m   [0mINSERT INTO "schema_migrations" (version) VALUES ('0')[0m
  [4;36;1mSQL (0.000505)[0m   [0;1m SELECT name
 FROM sqlite_master
 WHERE type = 'table' AND NOT name = 'sqlite_sequence'
[0m
  [4;35;1mSQL (0.000109)[0m   [0mSELECT version FROM schema_migrations[0m
  [4;36;1mSQL (0.000172)[0m   [0;1mselect sqlite_version(*)[0m
  [4;35;1mSQL (0.000110)[0m   [0mSELECT version FROM schema_migrations[0m
  [4;36;1mSQL (0.000286)[0m   [0;1m SELECT name
 FROM sqlite_master
 WHERE type = 'table' AND NOT name = 'sqlite_sequence'
[0m
  [4;35;1mSQL (0.000210)[0m   [0m SELECT name
 FROM sqlite_master
 WHERE type = 'table' AND NOT name = 'sqlite_sequence'
[0m
  [4;36;1mSQL (0.000172)[0m   [0;1mselect sqlite_version(*)[0m
  [4;35;1mSQL (0.009240)[0m   [0mCREATE TABLE "schema_migrations" ("version" varchar(255) NOT NULL) [0m
  [4;36;1mSQL (0.010432)[0m   [0;1mCREATE UNIQUE INDEX "unique_schema_migrations" ON "schema_migrations" ("version")[0m
  [4;35;1mSQL (0.000271)[0m   [0m SELECT name
 FROM sqlite_master
 WHERE type = 'table' AND NOT name = 'sqlite_sequence'
[0m
  [4;36;1mSQL (0.000111)[0m   [0;1mSELECT version FROM "schema_migrations"[0m
  [4;35;1mSQL (0.005605)[0m   [0mINSERT INTO "schema_migrations" (version) VALUES ('0')[0m
  [4;36;1mSQL (0.000496)[0m   [0;1m SELECT name
 FROM sqlite_master
 WHERE type = 'table' AND NOT name = 'sqlite_sequence'
[0m
  [4;35;1mSQL (0.000112)[0m   [0mSELECT version FROM schema_migrations[0m
  [4;36;1mSQL (0.000167)[0m   [0;1mselect sqlite_version(*)[0m
  [4;35;1mSQL (0.000119)[0m   [0mSELECT version FROM schema_migrations[0m
  [4;36;1mSQL (0.000190)[0m   [0;1m SELECT name
 FROM sqlite_master
 WHERE type = 'table' AND NOT name = 'sqlite_sequence'
[0m
  [4;35;1mSQL (0.000194)[0m   [0m SELECT name
 FROM sqlite_master
 WHERE type = 'table' AND NOT name = 'sqlite_sequence'
[0m
  [4;36;1mSQL (0.000164)[0m   [0;1mselect sqlite_version(*)[0m
  [4;35;1mSQL (0.018516)[0m   [0mCREATE TABLE "schema_migrations" ("version" varchar(255) NOT NULL) [0m
  [4;36;1mSQL (0.014048)[0m   [0;1mCREATE UNIQUE INDEX "unique_schema_migrations" ON "schema_migrations" ("version")[0m
  [4;35;1mSQL (0.000275)[0m   [0m SELECT name
 FROM sqlite_master
 WHERE type = 'table' AND NOT name = 'sqlite_sequence'
[0m
  [4;36;1mSQL (0.000108)[0m   [0;1mSELECT version FROM "schema_migrations"[0m
  [4;35;1mSQL (0.009506)[0m   [0mINSERT INTO "schema_migrations" (version) VALUES ('0')[0m
  [4;36;1mSQL (0.000585)[0m   [0;1m SELECT name
 FROM sqlite_master
 WHERE type = 'table' AND NOT name = 'sqlite_sequence'
[0m
  [4;35;1mSQL (0.000109)[0m   [0mSELECT version FROM schema_migrations[0m
  [4;36;1mSQL (0.000175)[0m   [0;1mselect sqlite_version(*)[0m
  [4;35;1mSQL (0.000111)[0m   [0mSELECT version FROM schema_migrations[0m
  [4;36;1mSQL (0.000193)[0m   [0;1m SELECT name
 FROM sqlite_master
 WHERE type = 'table' AND NOT name = 'sqlite_sequence'
[0m
  [4;35;1mSQL (0.000212)[0m   [0m SELECT name
 FROM sqlite_master
 WHERE type = 'table' AND NOT name = 'sqlite_sequence'
[0m
  [4;36;1mSQL (0.000172)[0m   [0;1mselect sqlite_version(*)[0m
  [4;35;1mSQL (0.015547)[0m   [0mCREATE TABLE "schema_migrations" ("version" varchar(255) NOT NULL) [0m
  [4;36;1mSQL (0.007463)[0m   [0;1mCREATE UNIQUE INDEX "unique_schema_migrations" ON "schema_migrations" ("version")[0m
  [4;35;1mSQL (0.000666)[0m   [0m SELECT name
 FROM sqlite_master
 WHERE type = 'table' AND NOT name = 'sqlite_sequence'
[0m
  [4;36;1mSQL (0.000114)[0m   [0;1mSELECT version FROM "schema_migrations"[0m
  [4;35;1mSQL (0.005259)[0m   [0mINSERT INTO "schema_migrations" (version) VALUES ('0')[0m
  [4;36;1mSQL (0.000591)[0m   [0;1m SELECT name
 FROM sqlite_master
 WHERE type = 'table' AND NOT name = 'sqlite_sequence'
[0m
  [4;35;1mSQL (0.000163)[0m   [0mSELECT version FROM schema_migrations[0m
  [4;36;1mSQL (0.000184)[0m   [0;1mselect sqlite_version(*)[0m
  [4;35;1mSQL (0.000108)[0m   [0mSELECT version FROM schema_migrations[0m
  [4;36;1mSQL (0.000193)[0m   [0;1m SELECT name
 FROM sqlite_master
 WHERE type = 'table' AND NOT name = 'sqlite_sequence'
[0m
  [4;35;1mSQL (0.000218)[0m   [0m SELECT name
 FROM sqlite_master
 WHERE type = 'table' AND NOT name = 'sqlite_sequence'
[0m
  [4;36;1mSQL (0.000603)[0m   [0;1mselect sqlite_version(*)[0m
  [4;35;1mSQL (0.012568)[0m   [0mCREATE TABLE "schema_migrations" ("version" varchar(255) NOT NULL) [0m
  [4;36;1mSQL (0.008366)[0m   [0;1mCREATE UNIQUE INDEX "unique_schema_migrations" ON "schema_migrations" ("version")[0m
  [4;35;1mSQL (0.000236)[0m   [0m SELECT name
 FROM sqlite_master
 WHERE type = 'table' AND NOT name = 'sqlite_sequence'
[0m
  [4;36;1mSQL (0.000107)[0m   [0;1mSELECT version FROM "schema_migrations"[0m
  [4;35;1mSQL (0.025424)[0m   [0mINSERT INTO "schema_migrations" (version) VALUES ('0')[0m
  [4;36;1mSQL (0.000515)[0m   [0;1m SELECT name
 FROM sqlite_master
 WHERE type = 'table' AND NOT name = 'sqlite_sequence'
[0m
  [4;35;1mSQL (0.000107)[0m   [0mSELECT version FROM schema_migrations[0m
  [4;36;1mSQL (0.000163)[0m   [0;1mselect sqlite_version(*)[0m
  [4;35;1mSQL (0.000121)[0m   [0mSELECT version FROM schema_migrations[0m
  [4;36;1mSQL (0.000199)[0m   [0;1m SELECT name
 FROM sqlite_master
 WHERE type = 'table' AND NOT name = 'sqlite_sequence'
[0m
  [4;35;1mSQL (0.000196)[0m   [0m SELECT name
 FROM sqlite_master
 WHERE type = 'table' AND NOT name = 'sqlite_sequence'
[0m
  [4;36;1mSQL (0.000163)[0m   [0;1mselect sqlite_version(*)[0m
  [4;35;1mSQL (0.019551)[0m   [0mCREATE TABLE "schema_migrations" ("version" varchar(255) NOT NULL) [0m
  [4;36;1mSQL (0.007677)[0m   [0;1mCREATE UNIQUE INDEX "unique_schema_migrations" ON "schema_migrations" ("version")[0m
  [4;35;1mSQL (0.000240)[0m   [0m SELECT name
 FROM sqlite_master
 WHERE type = 'table' AND NOT name = 'sqlite_sequence'
[0m
  [4;36;1mSQL (0.000108)[0m   [0;1mSELECT version FROM "schema_migrations"[0m
  [4;35;1mSQL (0.005261)[0m   [0mINSERT INTO "schema_migrations" (version) VALUES ('0')[0m
  [4;36;1mSQL (0.000564)[0m   [0;1m SELECT name
 FROM sqlite_master
 WHERE type = 'table' AND NOT name = 'sqlite_sequence'
[0m
  [4;35;1mSQL (0.000108)[0m   [0mSELECT version FROM schema_migrations[0m
  [4;36;1mSQL (0.000165)[0m   [0;1mselect sqlite_version(*)[0m
  [4;35;1mSQL (0.000107)[0m   [0mSELECT version FROM schema_migrations[0m
  [4;36;1mSQL (0.000191)[0m   [0;1m SELECT name
 FROM sqlite_master
 WHERE type = 'table' AND NOT name = 'sqlite_sequence'
[0m
  [4;35;1mSQL (0.000213)[0m   [0m SELECT name
 FROM sqlite_master
 WHERE type = 'table' AND NOT name = 'sqlite_sequence'
[0m
  [4;36;1mSQL (0.000171)[0m   [0;1mselect sqlite_version(*)[0m
  [4;35;1mSQL (0.018981)[0m   [0mCREATE TABLE "schema_migrations" ("version" varchar(255) NOT NULL) [0m
  [4;36;1mSQL (0.007304)[0m   [0;1mCREATE UNIQUE INDEX "unique_schema_migrations" ON "schema_migrations" ("version")[0m
  [4;35;1mSQL (0.000232)[0m   [0m SELECT name
 FROM sqlite_master
 WHERE type = 'table' AND NOT name = 'sqlite_sequence'
[0m
  [4;36;1mSQL (0.000106)[0m   [0;1mSELECT version FROM "schema_migrations"[0m
  [4;35;1mSQL (0.008911)[0m   [0mINSERT INTO "schema_migrations" (version) VALUES ('0')[0m
  [4;36;1mSQL (0.000573)[0m   [0;1m SELECT name
 FROM sqlite_master
 WHERE type = 'table' AND NOT name = 'sqlite_sequence'
[0m
  [4;35;1mSQL (0.000120)[0m   [0mSELECT version FROM schema_migrations[0m
  [4;36;1mSQL (0.000190)[0m   [0;1mselect sqlite_version(*)[0m
  [4;35;1mSQL (0.000113)[0m   [0mSELECT version FROM schema_migrations[0m
  [4;36;1mSQL (0.000194)[0m   [0;1m SELECT name
 FROM sqlite_master
 WHERE type = 'table' AND NOT name = 'sqlite_sequence'
[0m
  [4;35;1mSQL (0.000199)[0m   [0m SELECT name
 FROM sqlite_master
 WHERE type = 'table' AND NOT name = 'sqlite_sequence'
[0m
  [4;36;1mSQL (0.000165)[0m   [0;1mselect sqlite_version(*)[0m
  [4;35;1mSQL (0.016411)[0m   [0mCREATE TABLE "schema_migrations" ("version" varchar(255) NOT NULL) [0m
  [4;36;1mSQL (0.006999)[0m   [0;1mCREATE UNIQUE INDEX "unique_schema_migrations" ON "schema_migrations" ("version")[0m
  [4;35;1mSQL (0.000266)[0m   [0m SELECT name
 FROM sqlite_master
 WHERE type = 'table' AND NOT name = 'sqlite_sequence'
[0m
  [4;36;1mSQL (0.000106)[0m   [0;1mSELECT version FROM "schema_migrations"[0m
  [4;35;1mSQL (0.006581)[0m   [0mINSERT INTO "schema_migrations" (version) VALUES ('0')[0m
  [4;36;1mSQL (0.000530)[0m   [0;1m SELECT name
 FROM sqlite_master
 WHERE type = 'table' AND NOT name = 'sqlite_sequence'
[0m
  [4;35;1mSQL (0.000107)[0m   [0mSELECT version FROM schema_migrations[0m
  [4;36;1mSQL (0.000162)[0m   [0;1mselect sqlite_version(*)[0m
  [4;35;1mSQL (0.000106)[0m   [0mSELECT version FROM schema_migrations[0m
  [4;36;1mSQL (0.000189)[0m   [0;1m SELECT name
 FROM sqlite_master
 WHERE type = 'table' AND NOT name = 'sqlite_sequence'
[0m
  [4;35;1mSQL (0.000202)[0m   [0m SELECT name
 FROM sqlite_master
 WHERE type = 'table' AND NOT name = 'sqlite_sequence'
[0m
  [4;36;1mSQL (0.000163)[0m   [0;1mselect sqlite_version(*)[0m
  [4;35;1mSQL (0.017057)[0m   [0mCREATE TABLE "schema_migrations" ("version" varchar(255) NOT NULL) [0m
  [4;36;1mSQL (0.007179)[0m   [0;1mCREATE UNIQUE INDEX "unique_schema_migrations" ON "schema_migrations" ("version")[0m
  [4;35;1mSQL (0.000238)[0m   [0m SELECT name
 FROM sqlite_master
 WHERE type = 'table' AND NOT name = 'sqlite_sequence'
[0m
  [4;36;1mSQL (0.000107)[0m   [0;1mSELECT version FROM "schema_migrations"[0m
  [4;35;1mSQL (0.005313)[0m   [0mINSERT INTO "schema_migrations" (version) VALUES ('0')[0m
  [4;36;1mSQL (0.000530)[0m   [0;1m SELECT name
 FROM sqlite_master
 WHERE type = 'table' AND NOT name = 'sqlite_sequence'
[0m
  [4;35;1mSQL (0.000106)[0m   [0mSELECT version FROM schema_migrations[0m
  [4;36;1mSQL (0.000167)[0m   [0;1mselect sqlite_version(*)[0m
  [4;35;1mSQL (0.000108)[0m   [0mSELECT version FROM schema_migrations[0m
  [4;36;1mSQL (0.000193)[0m   [0;1m SELECT name
 FROM sqlite_master
 WHERE type = 'table' AND NOT name = 'sqlite_sequence'
[0m
  [4;35;1mSQL (0.000201)[0m   [0m SELECT name
 FROM sqlite_master
 WHERE type = 'table' AND NOT name = 'sqlite_sequence'
[0m
  [4;36;1mSQL (0.000576)[0m   [0;1mselect sqlite_version(*)[0m
  [4;35;1mSQL (0.012182)[0m   [0mCREATE TABLE "schema_migrations" ("version" varchar(255) NOT NULL) [0m
  [4;36;1mSQL (0.009316)[0m   [0;1mCREATE UNIQUE INDEX "unique_schema_migrations" ON "schema_migrations" ("version")[0m
  [4;35;1mSQL (0.000276)[0m   [0m SELECT name
 FROM sqlite_master
 WHERE type = 'table' AND NOT name = 'sqlite_sequence'
[0m
  [4;36;1mSQL (0.000108)[0m   [0;1mSELECT version FROM "schema_migrations"[0m
  [4;35;1mSQL (0.005806)[0m   [0mINSERT INTO "schema_migrations" (version) VALUES ('0')[0m
  [4;36;1mSQL (0.000515)[0m   [0;1m SELECT name
 FROM sqlite_master
 WHERE type = 'table' AND NOT name = 'sqlite_sequence'
[0m
  [4;35;1mSQL (0.000106)[0m   [0mSELECT version FROM schema_migrations[0m
  [4;36;1mSQL (0.000162)[0m   [0;1mselect sqlite_version(*)[0m
  [4;35;1mSQL (0.000107)[0m   [0mSELECT version FROM schema_migrations[0m
  [4;36;1mSQL (0.000191)[0m   [0;1m SELECT name
 FROM sqlite_master
 WHERE type = 'table' AND NOT name = 'sqlite_sequence'
[0m
  [4;35;1mSQL (0.000196)[0m   [0m SELECT name
 FROM sqlite_master
 WHERE type = 'table' AND NOT name = 'sqlite_sequence'
[0m
  [4;36;1mSQL (0.000164)[0m   [0;1mselect sqlite_version(*)[0m
  [4;35;1mSQL (0.310388)[0m   [0mCREATE TABLE "schema_migrations" ("version" varchar(255) NOT NULL) [0m
  [4;36;1mSQL (0.025478)[0m   [0;1mCREATE UNIQUE INDEX "unique_schema_migrations" ON "schema_migrations" ("version")[0m
  [4;35;1mSQL (0.000608)[0m   [0m SELECT name
 FROM sqlite_master
 WHERE type = 'table' AND NOT name = 'sqlite_sequence'
[0m
  [4;36;1mSQL (0.000278)[0m   [0;1mSELECT version FROM "schema_migrations"[0m
  [4;35;1mSQL (0.019020)[0m   [0mINSERT INTO "schema_migrations" (version) VALUES ('0')[0m
  [4;36;1mSQL (0.000516)[0m   [0;1m SELECT name
 FROM sqlite_master
 WHERE type = 'table' AND NOT name = 'sqlite_sequence'
[0m
  [4;35;1mSQL (0.000107)[0m   [0mSELECT version FROM schema_migrations[0m
  [4;36;1mSQL (0.000199)[0m   [0;1mselect sqlite_version(*)[0m
  [4;35;1mSQL (0.000119)[0m   [0mSELECT version FROM schema_migrations[0m
  [4;36;1mSQL (0.000194)[0m   [0;1m SELECT name
 FROM sqlite_master
 WHERE type = 'table' AND NOT name = 'sqlite_sequence'
[0m
  [4;35;1mSQL (0.000207)[0m   [0m SELECT name
 FROM sqlite_master
 WHERE type = 'table' AND NOT name = 'sqlite_sequence'
[0m
  [4;36;1mSQL (0.000170)[0m   [0;1mselect sqlite_version(*)[0m
  [4;35;1mSQL (0.016578)[0m   [0mCREATE TABLE "schema_migrations" ("version" varchar(255) NOT NULL) [0m
  [4;36;1mSQL (0.009022)[0m   [0;1mCREATE UNIQUE INDEX "unique_schema_migrations" ON "schema_migrations" ("version")[0m
  [4;35;1mSQL (0.000259)[0m   [0m SELECT name
 FROM sqlite_master
 WHERE type = 'table' AND NOT name = 'sqlite_sequence'
[0m
  [4;36;1mSQL (0.000106)[0m   [0;1mSELECT version FROM "schema_migrations"[0m
  [4;35;1mSQL (0.009025)[0m   [0mINSERT INTO "schema_migrations" (version) VALUES ('0')[0m
  [4;36;1mSQL (0.000527)[0m   [0;1m SELECT name
 FROM sqlite_master
 WHERE type = 'table' AND NOT name = 'sqlite_sequence'
[0m
  [4;35;1mSQL (0.000111)[0m   [0mSELECT version FROM schema_migrations[0m
  [4;36;1mSQL (0.000168)[0m   [0;1mselect sqlite_version(*)[0m
  [4;35;1mSQL (0.000107)[0m   [0mSELECT version FROM schema_migrations[0m
  [4;36;1mSQL (0.000191)[0m   [0;1m SELECT name
 FROM sqlite_master
 WHERE type = 'table' AND NOT name = 'sqlite_sequence'
[0m
  [4;35;1mSQL (0.000203)[0m   [0m SELECT name
 FROM sqlite_master
 WHERE type = 'table' AND NOT name = 'sqlite_sequence'
[0m
  [4;36;1mSQL (0.000164)[0m   [0;1mselect sqlite_version(*)[0m
  [4;35;1mSQL (0.014697)[0m   [0mCREATE TABLE "schema_migrations" ("version" varchar(255) NOT NULL) [0m
  [4;36;1mSQL (0.006040)[0m   [0;1mCREATE UNIQUE INDEX "unique_schema_migrations" ON "schema_migrations" ("version")[0m
  [4;35;1mSQL (0.000240)[0m   [0m SELECT name
 FROM sqlite_master
 WHERE type = 'table' AND NOT name = 'sqlite_sequence'
[0m
  [4;36;1mSQL (0.000110)[0m   [0;1mSELECT version FROM "schema_migrations"[0m
  [4;35;1mSQL (0.006377)[0m   [0mINSERT INTO "schema_migrations" (version) VALUES ('0')[0m
  [4;36;1mSQL (0.000568)[0m   [0;1m SELECT name
 FROM sqlite_master
 WHERE type = 'table' AND NOT name = 'sqlite_sequence'
[0m
  [4;35;1mSQL (0.000110)[0m   [0mSELECT version FROM schema_migrations[0m
  [4;36;1mSQL (0.000165)[0m   [0;1mselect sqlite_version(*)[0m
  [4;35;1mSQL (0.000105)[0m   [0mSELECT version FROM schema_migrations[0m
  [4;36;1mSQL (0.000191)[0m   [0;1m SELECT name
 FROM sqlite_master
 WHERE type = 'table' AND NOT name = 'sqlite_sequence'
[0m
  [4;35;1mSQL (0.000213)[0m   [0m SELECT name
 FROM sqlite_master
 WHERE type = 'table' AND NOT name = 'sqlite_sequence'
[0m
  [4;36;1mSQL (0.000171)[0m   [0;1mselect sqlite_version(*)[0m
  [4;35;1mSQL (0.011916)[0m   [0mCREATE TABLE "schema_migrations" ("version" varchar(255) NOT NULL) [0m
  [4;36;1mSQL (0.007270)[0m   [0;1mCREATE UNIQUE INDEX "unique_schema_migrations" ON "schema_migrations" ("version")[0m
  [4;35;1mSQL (0.000247)[0m   [0m SELECT name
 FROM sqlite_master
 WHERE type = 'table' AND NOT name = 'sqlite_sequence'
[0m
  [4;36;1mSQL (0.000106)[0m   [0;1mSELECT version FROM "schema_migrations"[0m
  [4;35;1mSQL (0.005343)[0m   [0mINSERT INTO "schema_migrations" (version) VALUES ('0')[0m
  [4;36;1mSQL (0.000511)[0m   [0;1m SELECT name
 FROM sqlite_master
 WHERE type = 'table' AND NOT name = 'sqlite_sequence'
[0m
  [4;35;1mSQL (0.000106)[0m   [0mSELECT version FROM schema_migrations[0m
  [4;36;1mSQL (0.000160)[0m   [0;1mselect sqlite_version(*)[0m
  [4;35;1mSQL (0.000107)[0m   [0mSELECT version FROM schema_migrations[0m
  [4;36;1mSQL (0.000189)[0m   [0;1m SELECT name
 FROM sqlite_master
 WHERE type = 'table' AND NOT name = 'sqlite_sequence'
[0m
  [4;35;1mSQL (0.000205)[0m   [0m SELECT name
 FROM sqlite_master
 WHERE type = 'table' AND NOT name = 'sqlite_sequence'
[0m
  [4;36;1mSQL (0.000166)[0m   [0;1mselect sqlite_version(*)[0m
  [4;35;1mSQL (0.031067)[0m   [0mCREATE TABLE "schema_migrations" ("version" varchar(255) NOT NULL) [0m
  [4;36;1mSQL (0.011748)[0m   [0;1mCREATE UNIQUE INDEX "unique_schema_migrations" ON "schema_migrations" ("version")[0m
  [4;35;1mSQL (0.000270)[0m   [0m SELECT name
 FROM sqlite_master
 WHERE type = 'table' AND NOT name = 'sqlite_sequence'
[0m
  [4;36;1mSQL (0.000111)[0m   [0;1mSELECT version FROM "schema_migrations"[0m
  [4;35;1mSQL (0.007921)[0m   [0mINSERT INTO "schema_migrations" (version) VALUES ('0')[0m
  [4;36;1mSQL (0.000577)[0m   [0;1m SELECT name
 FROM sqlite_master
 WHERE type = 'table' AND NOT name = 'sqlite_sequence'
[0m
  [4;35;1mSQL (0.000111)[0m   [0mSELECT version FROM schema_migrations[0m
  [4;36;1mSQL (0.000183)[0m   [0;1mselect sqlite_version(*)[0m
  [4;35;1mSQL (0.000111)[0m   [0mSELECT version FROM schema_migrations[0m
  [4;36;1mSQL (0.000225)[0m   [0;1m SELECT name
 FROM sqlite_master
 WHERE type = 'table' AND NOT name = 'sqlite_sequence'
[0m
  [4;35;1mSQL (0.000201)[0m   [0m SELECT name
 FROM sqlite_master
 WHERE type = 'table' AND NOT name = 'sqlite_sequence'
[0m
  [4;36;1mSQL (0.000165)[0m   [0;1mselect sqlite_version(*)[0m
  [4;35;1mSQL (0.011688)[0m   [0mCREATE TABLE "schema_migrations" ("version" varchar(255) NOT NULL) [0m
  [4;36;1mSQL (0.008041)[0m   [0;1mCREATE UNIQUE INDEX "unique_schema_migrations" ON "schema_migrations" ("version")[0m
  [4;35;1mSQL (0.000280)[0m   [0m SELECT name
 FROM sqlite_master
 WHERE type = 'table' AND NOT name = 'sqlite_sequence'
[0m
  [4;36;1mSQL (0.000112)[0m   [0;1mSELECT version FROM "schema_migrations"[0m
  [4;35;1mSQL (0.006038)[0m   [0mINSERT INTO "schema_migrations" (version) VALUES ('0')[0m
  [4;36;1mSQL (0.000535)[0m   [0;1m SELECT name
 FROM sqlite_master
 WHERE type = 'table' AND NOT name = 'sqlite_sequence'
[0m
  [4;35;1mSQL (0.000106)[0m   [0mSELECT version FROM schema_migrations[0m
  [4;36;1mSQL (0.000160)[0m   [0;1mselect sqlite_version(*)[0m
  [4;35;1mSQL (0.000106)[0m   [0mSELECT version FROM schema_migrations[0m
  [4;36;1mSQL (0.000190)[0m   [0;1m SELECT name
 FROM sqlite_master
 WHERE type = 'table' AND NOT name = 'sqlite_sequence'
[0m
  [4;35;1mSQL (0.000199)[0m   [0m SELECT name
 FROM sqlite_master
 WHERE type = 'table' AND NOT name = 'sqlite_sequence'
[0m
  [4;36;1mSQL (0.000181)[0m   [0;1mselect sqlite_version(*)[0m
  [4;35;1mSQL (0.018785)[0m   [0mCREATE TABLE "schema_migrations" ("version" varchar(255) NOT NULL) [0m
  [4;36;1mSQL (0.008226)[0m   [0;1mCREATE UNIQUE INDEX "unique_schema_migrations" ON "schema_migrations" ("version")[0m
  [4;35;1mSQL (0.000236)[0m   [0m SELECT name
 FROM sqlite_master
 WHERE type = 'table' AND NOT name = 'sqlite_sequence'
[0m
  [4;36;1mSQL (0.000106)[0m   [0;1mSELECT version FROM "schema_migrations"[0m
  [4;35;1mSQL (0.005112)[0m   [0mINSERT INTO "schema_migrations" (version) VALUES ('0')[0m
  [4;36;1mSQL (0.000532)[0m   [0;1m SELECT name
 FROM sqlite_master
 WHERE type = 'table' AND NOT name = 'sqlite_sequence'
[0m
  [4;35;1mSQL (0.000109)[0m   [0mSELECT version FROM schema_migrations[0m
  [4;36;1mSQL (0.000179)[0m   [0;1mselect sqlite_version(*)[0m
  [4;35;1mSQL (0.000110)[0m   [0mSELECT version FROM schema_migrations[0m
  [4;36;1mSQL (0.000198)[0m   [0;1m SELECT name
 FROM sqlite_master
 WHERE type = 'table' AND NOT name = 'sqlite_sequence'
[0m
  [4;35;1mSQL (0.000555)[0m   [0m SELECT name
 FROM sqlite_master
 WHERE type = 'table' AND NOT name = 'sqlite_sequence'
[0m
  [4;36;1mSQL (0.000181)[0m   [0;1mselect sqlite_version(*)[0m
  [4;35;1mSQL (0.013660)[0m   [0mCREATE TABLE "schema_migrations" ("version" varchar(255) NOT NULL) [0m
  [4;36;1mSQL (0.010227)[0m   [0;1mCREATE UNIQUE INDEX "unique_schema_migrations" ON "schema_migrations" ("version")[0m
  [4;35;1mSQL (0.000273)[0m   [0m SELECT name
 FROM sqlite_master
 WHERE type = 'table' AND NOT name = 'sqlite_sequence'
[0m
  [4;36;1mSQL (0.000110)[0m   [0;1mSELECT version FROM "schema_migrations"[0m
  [4;35;1mSQL (0.013400)[0m   [0mINSERT INTO "schema_migrations" (version) VALUES ('0')[0m
  [4;36;1mSQL (0.000515)[0m   [0;1m SELECT name
 FROM sqlite_master
 WHERE type = 'table' AND NOT name = 'sqlite_sequence'
[0m
  [4;35;1mSQL (0.000106)[0m   [0mSELECT version FROM schema_migrations[0m
  [4;36;1mSQL (0.000185)[0m   [0;1mselect sqlite_version(*)[0m
  [4;35;1mSQL (0.000118)[0m   [0mSELECT version FROM schema_migrations[0m
  [4;36;1mSQL (0.000212)[0m   [0;1m SELECT name
 FROM sqlite_master
 WHERE type = 'table' AND NOT name = 'sqlite_sequence'
[0m
  [4;35;1mSQL (0.000209)[0m   [0m SELECT name
 FROM sqlite_master
 WHERE type = 'table' AND NOT name = 'sqlite_sequence'
[0m
  [4;36;1mSQL (0.000168)[0m   [0;1mselect sqlite_version(*)[0m
  [4;35;1mSQL (0.012248)[0m   [0mCREATE TABLE "schema_migrations" ("version" varchar(255) NOT NULL) [0m
  [4;36;1mSQL (0.008674)[0m   [0;1mCREATE UNIQUE INDEX "unique_schema_migrations" ON "schema_migrations" ("version")[0m
  [4;35;1mSQL (0.000222)[0m   [0m SELECT name
 FROM sqlite_master
 WHERE type = 'table' AND NOT name = 'sqlite_sequence'
[0m
  [4;36;1mSQL (0.000105)[0m   [0;1mSELECT version FROM "schema_migrations"[0m
  [4;35;1mSQL (0.006200)[0m   [0mINSERT INTO "schema_migrations" (version) VALUES ('0')[0m
  [4;36;1mSQL (0.000955)[0m   [0;1m SELECT name
 FROM sqlite_master
 WHERE type = 'table' AND NOT name = 'sqlite_sequence'
[0m
  [4;35;1mSQL (0.000209)[0m   [0mSELECT version FROM schema_migrations[0m
  [4;36;1mSQL (0.000320)[0m   [0;1mselect sqlite_version(*)[0m
  [4;35;1mSQL (0.000214)[0m   [0mSELECT version FROM schema_migrations[0m
  [4;36;1mSQL (0.000397)[0m   [0;1m SELECT name
 FROM sqlite_master
 WHERE type = 'table' AND NOT name = 'sqlite_sequence'
[0m
  [4;35;1mSQL (0.000388)[0m   [0m SELECT name
 FROM sqlite_master
 WHERE type = 'table' AND NOT name = 'sqlite_sequence'
[0m
  [4;36;1mSQL (0.000308)[0m   [0;1mselect sqlite_version(*)[0m
  [4;35;1mSQL (0.008312)[0m   [0mCREATE TABLE "schema_migrations" ("version" varchar(255) NOT NULL) [0m
  [4;36;1mSQL (0.006801)[0m   [0;1mCREATE UNIQUE INDEX "unique_schema_migrations" ON "schema_migrations" ("version")[0m
  [4;35;1mSQL (0.000616)[0m   [0m SELECT name
 FROM sqlite_master
 WHERE type = 'table' AND NOT name = 'sqlite_sequence'
[0m
  [4;36;1mSQL (0.000453)[0m   [0;1mSELECT version FROM "schema_migrations"[0m
  [4;35;1mSQL (0.007077)[0m   [0mINSERT INTO "schema_migrations" (version) VALUES ('0')[0m
  [4;36;1mSQL (0.000595)[0m   [0;1m SELECT name
 FROM sqlite_master
 WHERE type = 'table' AND NOT name = 'sqlite_sequence'
[0m
  [4;35;1mSQL (0.000111)[0m   [0mSELECT version FROM schema_migrations[0m
  [4;36;1mSQL (0.000180)[0m   [0;1mselect sqlite_version(*)[0m
  [4;35;1mSQL (0.000112)[0m   [0mSELECT version FROM schema_migrations[0m
  [4;36;1mSQL (0.000196)[0m   [0;1m SELECT name
 FROM sqlite_master
 WHERE type = 'table' AND NOT name = 'sqlite_sequence'
[0m
  [4;35;1mSQL (0.000217)[0m   [0m SELECT name
 FROM sqlite_master
 WHERE type = 'table' AND NOT name = 'sqlite_sequence'
[0m
  [4;36;1mSQL (0.000174)[0m   [0;1mselect sqlite_version(*)[0m
  [4;35;1mSQL (0.028234)[0m   [0mCREATE TABLE "schema_migrations" ("version" varchar(255) NOT NULL) [0m
  [4;36;1mSQL (0.006650)[0m   [0;1mCREATE UNIQUE INDEX "unique_schema_migrations" ON "schema_migrations" ("version")[0m
  [4;35;1mSQL (0.000239)[0m   [0m SELECT name
 FROM sqlite_master
 WHERE type = 'table' AND NOT name = 'sqlite_sequence'
[0m
  [4;36;1mSQL (0.000111)[0m   [0;1mSELECT version FROM "schema_migrations"[0m
  [4;35;1mSQL (0.006449)[0m   [0mINSERT INTO "schema_migrations" (version) VALUES ('0')[0m
  [4;36;1mSQL (0.000519)[0m   [0;1m SELECT name
 FROM sqlite_master
 WHERE type = 'table' AND NOT name = 'sqlite_sequence'
[0m
  [4;35;1mSQL (0.000107)[0m   [0mSELECT version FROM schema_migrations[0m
  [4;36;1mSQL (0.000176)[0m   [0;1mselect sqlite_version(*)[0m
  [4;35;1mSQL (0.000111)[0m   [0mSELECT version FROM schema_migrations[0m
  [4;36;1mSQL (0.000191)[0m   [0;1m SELECT name
 FROM sqlite_master
 WHERE type = 'table' AND NOT name = 'sqlite_sequence'
[0m
  [4;35;1mSQL (0.000213)[0m   [0m SELECT name
 FROM sqlite_master
 WHERE type = 'table' AND NOT name = 'sqlite_sequence'
[0m
  [4;36;1mSQL (0.000173)[0m   [0;1mselect sqlite_version(*)[0m
  [4;35;1mSQL (0.015451)[0m   [0mCREATE TABLE "schema_migrations" ("version" varchar(255) NOT NULL) [0m
  [4;36;1mSQL (0.008561)[0m   [0;1mCREATE UNIQUE INDEX "unique_schema_migrations" ON "schema_migrations" ("version")[0m
  [4;35;1mSQL (0.000237)[0m   [0m SELECT name
 FROM sqlite_master
 WHERE type = 'table' AND NOT name = 'sqlite_sequence'
[0m
  [4;36;1mSQL (0.000106)[0m   [0;1mSELECT version FROM "schema_migrations"[0m
  [4;35;1mSQL (0.012196)[0m   [0mINSERT INTO "schema_migrations" (version) VALUES ('0')[0m
  [4;36;1mSQL (0.000516)[0m   [0;1m SELECT name
 FROM sqlite_master
 WHERE type = 'table' AND NOT name = 'sqlite_sequence'
[0m
  [4;35;1mSQL (0.000112)[0m   [0mSELECT version FROM schema_migrations[0m
  [4;36;1mSQL (0.000212)[0m   [0;1mselect sqlite_version(*)[0m
  [4;35;1mSQL (0.000157)[0m   [0mSELECT version FROM schema_migrations[0m
  [4;36;1mSQL (0.000220)[0m   [0;1m SELECT name
 FROM sqlite_master
 WHERE type = 'table' AND NOT name = 'sqlite_sequence'
[0m
  [4;35;1mSQL (0.000203)[0m   [0m SELECT name
 FROM sqlite_master
 WHERE type = 'table' AND NOT name = 'sqlite_sequence'
[0m
  [4;36;1mSQL (0.000165)[0m   [0;1mselect sqlite_version(*)[0m
  [4;35;1mSQL (0.015647)[0m   [0mCREATE TABLE "schema_migrations" ("version" varchar(255) NOT NULL) [0m
  [4;36;1mSQL (0.008380)[0m   [0;1mCREATE UNIQUE INDEX "unique_schema_migrations" ON "schema_migrations" ("version")[0m
  [4;35;1mSQL (0.000653)[0m   [0m SELECT name
 FROM sqlite_master
 WHERE type = 'table' AND NOT name = 'sqlite_sequence'
[0m
  [4;36;1mSQL (0.000213)[0m   [0;1mSELECT version FROM "schema_migrations"[0m
  [4;35;1mSQL (0.008242)[0m   [0mINSERT INTO "schema_migrations" (version) VALUES ('0')[0m
  [4;36;1mSQL (0.000500)[0m   [0;1m SELECT name
 FROM sqlite_master
 WHERE type = 'table' AND NOT name = 'sqlite_sequence'
[0m
  [4;35;1mSQL (0.000107)[0m   [0mSELECT version FROM schema_migrations[0m
  [4;36;1mSQL (0.000166)[0m   [0;1mselect sqlite_version(*)[0m
  [4;35;1mSQL (0.000111)[0m   [0mSELECT version FROM schema_migrations[0m
  [4;36;1mSQL (0.000192)[0m   [0;1m SELECT name
 FROM sqlite_master
 WHERE type = 'table' AND NOT name = 'sqlite_sequence'
[0m
  [4;35;1mSQL (0.000228)[0m   [0m SELECT name
 FROM sqlite_master
 WHERE type = 'table' AND NOT name = 'sqlite_sequence'
[0m
  [4;36;1mSQL (0.000159)[0m   [0;1mselect sqlite_version(*)[0m
  [4;35;1mSQL (0.028135)[0m   [0mCREATE TABLE "schema_migrations" ("version" varchar(255) NOT NULL) [0m
  [4;36;1mSQL (0.006629)[0m   [0;1mCREATE UNIQUE INDEX "unique_schema_migrations" ON "schema_migrations" ("version")[0m
  [4;35;1mSQL (0.000250)[0m   [0m SELECT name
 FROM sqlite_master
 WHERE type = 'table' AND NOT name = 'sqlite_sequence'
[0m
  [4;36;1mSQL (0.000125)[0m   [0;1mSELECT version FROM "schema_migrations"[0m
  [4;35;1mSQL (0.006818)[0m   [0mINSERT INTO "schema_migrations" (version) VALUES ('0')[0m
  [4;36;1mSQL (0.000498)[0m   [0;1m SELECT name
 FROM sqlite_master
 WHERE type = 'table' AND NOT name = 'sqlite_sequence'
[0m
  [4;35;1mSQL (0.000107)[0m   [0mSELECT version FROM schema_migrations[0m
  [4;36;1mSQL (0.000161)[0m   [0;1mselect sqlite_version(*)[0m
  [4;35;1mSQL (0.000106)[0m   [0mSELECT version FROM schema_migrations[0m
  [4;36;1mSQL (0.000190)[0m   [0;1m SELECT name
 FROM sqlite_master
 WHERE type = 'table' AND NOT name = 'sqlite_sequence'
[0m
  [4;35;1mSQL (0.000192)[0m   [0m SELECT name
 FROM sqlite_master
 WHERE type = 'table' AND NOT name = 'sqlite_sequence'
[0m
  [4;36;1mSQL (0.000161)[0m   [0;1mselect sqlite_version(*)[0m
  [4;35;1mSQL (0.014766)[0m   [0mCREATE TABLE "schema_migrations" ("version" varchar(255) NOT NULL) [0m
  [4;36;1mSQL (0.005459)[0m   [0;1mCREATE UNIQUE INDEX "unique_schema_migrations" ON "schema_migrations" ("version")[0m
  [4;35;1mSQL (0.000224)[0m   [0m SELECT name
 FROM sqlite_master
 WHERE type = 'table' AND NOT name = 'sqlite_sequence'
[0m
  [4;36;1mSQL (0.000106)[0m   [0;1mSELECT version FROM "schema_migrations"[0m
  [4;35;1mSQL (0.006489)[0m   [0mINSERT INTO "schema_migrations" (version) VALUES ('0')[0m
  [4;36;1mSQL (0.000493)[0m   [0;1m SELECT name
 FROM sqlite_master
 WHERE type = 'table' AND NOT name = 'sqlite_sequence'
[0m
  [4;35;1mSQL (0.000107)[0m   [0mSELECT version FROM schema_migrations[0m
  [4;36;1mSQL (0.000158)[0m   [0;1mselect sqlite_version(*)[0m
  [4;35;1mSQL (0.000106)[0m   [0mSELECT version FROM schema_migrations[0m
  [4;36;1mSQL (0.000191)[0m   [0;1m SELECT name
 FROM sqlite_master
 WHERE type = 'table' AND NOT name = 'sqlite_sequence'
[0m
  [4;35;1mSQL (0.000200)[0m   [0m SELECT name
 FROM sqlite_master
 WHERE type = 'table' AND NOT name = 'sqlite_sequence'
[0m
  [4;36;1mSQL (0.000161)[0m   [0;1mselect sqlite_version(*)[0m
  [4;35;1mSQL (0.012626)[0m   [0mCREATE TABLE "schema_migrations" ("version" varchar(255) NOT NULL) [0m
  [4;36;1mSQL (0.009553)[0m   [0;1mCREATE UNIQUE INDEX "unique_schema_migrations" ON "schema_migrations" ("version")[0m
  [4;35;1mSQL (0.000206)[0m   [0m SELECT name
 FROM sqlite_master
 WHERE type = 'table' AND NOT name = 'sqlite_sequence'
[0m
  [4;36;1mSQL (0.000104)[0m   [0;1mSELECT version FROM "schema_migrations"[0m
  [4;35;1mSQL (0.008904)[0m   [0mINSERT INTO "schema_migrations" (version) VALUES ('0')[0m
  [4;36;1mSQL (0.000492)[0m   [0;1m SELECT name
 FROM sqlite_master
 WHERE type = 'table' AND NOT name = 'sqlite_sequence'
[0m
  [4;35;1mSQL (0.000106)[0m   [0mSELECT version FROM schema_migrations[0m
  [4;36;1mSQL (0.000165)[0m   [0;1mselect sqlite_version(*)[0m
  [4;35;1mSQL (0.000106)[0m   [0mSELECT version FROM schema_migrations[0m
  [4;36;1mSQL (0.000200)[0m   [0;1m SELECT name
 FROM sqlite_master
 WHERE type = 'table' AND NOT name = 'sqlite_sequence'
[0m
  [4;35;1mSQL (0.000188)[0m   [0m SELECT name
 FROM sqlite_master
 WHERE type = 'table' AND NOT name = 'sqlite_sequence'
[0m
  [4;36;1mSQL (0.000157)[0m   [0;1mselect sqlite_version(*)[0m
  [4;35;1mSQL (0.019360)[0m   [0mCREATE TABLE "schema_migrations" ("version" varchar(255) NOT NULL) [0m
  [4;36;1mSQL (0.007291)[0m   [0;1mCREATE UNIQUE INDEX "unique_schema_migrations" ON "schema_migrations" ("version")[0m
  [4;35;1mSQL (0.000209)[0m   [0m SELECT name
 FROM sqlite_master
 WHERE type = 'table' AND NOT name = 'sqlite_sequence'
[0m
  [4;36;1mSQL (0.000104)[0m   [0;1mSELECT version FROM "schema_migrations"[0m
  [4;35;1mSQL (0.009938)[0m   [0mINSERT INTO "schema_migrations" (version) VALUES ('0')[0m
  [4;36;1mSQL (0.000508)[0m   [0;1m SELECT name
 FROM sqlite_master
 WHERE type = 'table' AND NOT name = 'sqlite_sequence'
[0m
  [4;35;1mSQL (0.000107)[0m   [0mSELECT version FROM schema_migrations[0m
  [4;36;1mSQL (0.000159)[0m   [0;1mselect sqlite_version(*)[0m
  [4;35;1mSQL (0.000106)[0m   [0mSELECT version FROM schema_migrations[0m
  [4;36;1mSQL (0.000190)[0m   [0;1m SELECT name
 FROM sqlite_master
 WHERE type = 'table' AND NOT name = 'sqlite_sequence'
[0m
  [4;35;1mSQL (0.000194)[0m   [0m SELECT name
 FROM sqlite_master
 WHERE type = 'table' AND NOT name = 'sqlite_sequence'
[0m
  [4;36;1mSQL (0.000160)[0m   [0;1mselect sqlite_version(*)[0m
  [4;35;1mSQL (0.015342)[0m   [0mCREATE TABLE "schema_migrations" ("version" varchar(255) NOT NULL) [0m
  [4;36;1mSQL (0.009156)[0m   [0;1mCREATE UNIQUE INDEX "unique_schema_migrations" ON "schema_migrations" ("version")[0m
  [4;35;1mSQL (0.000214)[0m   [0m SELECT name
 FROM sqlite_master
 WHERE type = 'table' AND NOT name = 'sqlite_sequence'
[0m
  [4;36;1mSQL (0.000104)[0m   [0;1mSELECT version FROM "schema_migrations"[0m
  [4;35;1mSQL (0.009202)[0m   [0mINSERT INTO "schema_migrations" (version) VALUES ('0')[0m
  [4;36;1mSQL (0.000507)[0m   [0;1m SELECT name
 FROM sqlite_master
 WHERE type = 'table' AND NOT name = 'sqlite_sequence'
[0m
  [4;35;1mSQL (0.000107)[0m   [0mSELECT version FROM schema_migrations[0m
  [4;36;1mSQL (0.000160)[0m   [0;1mselect sqlite_version(*)[0m
  [4;35;1mSQL (0.000107)[0m   [0mSELECT version FROM schema_migrations[0m
  [4;36;1mSQL (0.000191)[0m   [0;1m SELECT name
 FROM sqlite_master
 WHERE type = 'table' AND NOT name = 'sqlite_sequence'
[0m
  [4;35;1mSQL (0.000195)[0m   [0m SELECT name
 FROM sqlite_master
 WHERE type = 'table' AND NOT name = 'sqlite_sequence'
[0m
  [4;36;1mSQL (0.000162)[0m   [0;1mselect sqlite_version(*)[0m
  [4;35;1mSQL (0.010713)[0m   [0mCREATE TABLE "schema_migrations" ("version" varchar(255) NOT NULL) [0m
  [4;36;1mSQL (0.007995)[0m   [0;1mCREATE UNIQUE INDEX "unique_schema_migrations" ON "schema_migrations" ("version")[0m
  [4;35;1mSQL (0.000212)[0m   [0m SELECT name
 FROM sqlite_master
 WHERE type = 'table' AND NOT name = 'sqlite_sequence'
[0m
  [4;36;1mSQL (0.000104)[0m   [0;1mSELECT version FROM "schema_migrations"[0m
  [4;35;1mSQL (0.010118)[0m   [0mINSERT INTO "schema_migrations" (version) VALUES ('0')[0m
  [4;36;1mSQL (0.000523)[0m   [0;1m SELECT name
 FROM sqlite_master
 WHERE type = 'table' AND NOT name = 'sqlite_sequence'
[0m
  [4;35;1mSQL (0.000107)[0m   [0mSELECT version FROM schema_migrations[0m
  [4;36;1mSQL (0.000161)[0m   [0;1mselect sqlite_version(*)[0m
  [4;35;1mSQL (0.000107)[0m   [0mSELECT version FROM schema_migrations[0m
  [4;36;1mSQL (0.000190)[0m   [0;1m SELECT name
 FROM sqlite_master
 WHERE type = 'table' AND NOT name = 'sqlite_sequence'
[0m
  [4;35;1mSQL (0.000191)[0m   [0m SELECT name
 FROM sqlite_master
 WHERE type = 'table' AND NOT name = 'sqlite_sequence'
[0m
  [4;36;1mSQL (0.000164)[0m   [0;1mselect sqlite_version(*)[0m
  [4;35;1mSQL (0.018794)[0m   [0mCREATE TABLE "schema_migrations" ("version" varchar(255) NOT NULL) [0m
  [4;36;1mSQL (0.008566)[0m   [0;1mCREATE UNIQUE INDEX "unique_schema_migrations" ON "schema_migrations" ("version")[0m
  [4;35;1mSQL (0.000227)[0m   [0m SELECT name
 FROM sqlite_master
 WHERE type = 'table' AND NOT name = 'sqlite_sequence'
[0m
  [4;36;1mSQL (0.000105)[0m   [0;1mSELECT version FROM "schema_migrations"[0m
  [4;35;1mSQL (0.006142)[0m   [0mINSERT INTO "schema_migrations" (version) VALUES ('0')[0m
  [4;36;1mSQL (0.000509)[0m   [0;1m SELECT name
 FROM sqlite_master
 WHERE type = 'table' AND NOT name = 'sqlite_sequence'
[0m
  [4;35;1mSQL (0.000107)[0m   [0mSELECT version FROM schema_migrations[0m
  [4;36;1mSQL (0.000163)[0m   [0;1mselect sqlite_version(*)[0m
  [4;35;1mSQL (0.000108)[0m   [0mSELECT version FROM schema_migrations[0m
  [4;36;1mSQL (0.000189)[0m   [0;1m SELECT name
 FROM sqlite_master
 WHERE type = 'table' AND NOT name = 'sqlite_sequence'
[0m
  [4;35;1mSQL (0.000192)[0m   [0m SELECT name
 FROM sqlite_master
 WHERE type = 'table' AND NOT name = 'sqlite_sequence'
[0m
  [4;36;1mSQL (0.000160)[0m   [0;1mselect sqlite_version(*)[0m
  [4;35;1mSQL (0.010457)[0m   [0mCREATE TABLE "schema_migrations" ("version" varchar(255) NOT NULL) [0m
  [4;36;1mSQL (0.008590)[0m   [0;1mCREATE UNIQUE INDEX "unique_schema_migrations" ON "schema_migrations" ("version")[0m
  [4;35;1mSQL (0.000206)[0m   [0m SELECT name
 FROM sqlite_master
 WHERE type = 'table' AND NOT name = 'sqlite_sequence'
[0m
  [4;36;1mSQL (0.000105)[0m   [0;1mSELECT version FROM "schema_migrations"[0m
  [4;35;1mSQL (0.006138)[0m   [0mINSERT INTO "schema_migrations" (version) VALUES ('0')[0m
  [4;36;1mSQL (0.000496)[0m   [0;1m SELECT name
 FROM sqlite_master
 WHERE type = 'table' AND NOT name = 'sqlite_sequence'
[0m
  [4;35;1mSQL (0.000107)[0m   [0mSELECT version FROM schema_migrations[0m
  [4;36;1mSQL (0.000160)[0m   [0;1mselect sqlite_version(*)[0m
  [4;35;1mSQL (0.000108)[0m   [0mSELECT version FROM schema_migrations[0m
  [4;36;1mSQL (0.000203)[0m   [0;1m SELECT name
 FROM sqlite_master
 WHERE type = 'table' AND NOT name = 'sqlite_sequence'
[0m
  [4;35;1mSQL (0.000188)[0m   [0m SELECT name
 FROM sqlite_master
 WHERE type = 'table' AND NOT name = 'sqlite_sequence'
[0m
  [4;36;1mSQL (0.000160)[0m   [0;1mselect sqlite_version(*)[0m
  [4;35;1mSQL (0.038014)[0m   [0mCREATE TABLE "schema_migrations" ("version" varchar(255) NOT NULL) [0m
  [4;36;1mSQL (0.008728)[0m   [0;1mCREATE UNIQUE INDEX "unique_schema_migrations" ON "schema_migrations" ("version")[0m
  [4;35;1mSQL (0.000248)[0m   [0m SELECT name
 FROM sqlite_master
 WHERE type = 'table' AND NOT name = 'sqlite_sequence'
[0m
  [4;36;1mSQL (0.000106)[0m   [0;1mSELECT version FROM "schema_migrations"[0m
  [4;35;1mSQL (0.006469)[0m   [0mINSERT INTO "schema_migrations" (version) VALUES ('0')[0m
  [4;36;1mSQL (0.000499)[0m   [0;1m SELECT name
 FROM sqlite_master
 WHERE type = 'table' AND NOT name = 'sqlite_sequence'
[0m
  [4;35;1mSQL (0.000108)[0m   [0mSELECT version FROM schema_migrations[0m
  [4;36;1mSQL (0.000158)[0m   [0;1mselect sqlite_version(*)[0m
  [4;35;1mSQL (0.000107)[0m   [0mSELECT version FROM schema_migrations[0m
  [4;36;1mSQL (0.000193)[0m   [0;1m SELECT name
 FROM sqlite_master
 WHERE type = 'table' AND NOT name = 'sqlite_sequence'
[0m
  [4;35;1mSQL (0.000191)[0m   [0m SELECT name
 FROM sqlite_master
 WHERE type = 'table' AND NOT name = 'sqlite_sequence'
[0m
  [4;36;1mSQL (0.000156)[0m   [0;1mselect sqlite_version(*)[0m
  [4;35;1mSQL (0.033804)[0m   [0mCREATE TABLE "schema_migrations" ("version" varchar(255) NOT NULL) [0m
  [4;36;1mSQL (0.006562)[0m   [0;1mCREATE UNIQUE INDEX "unique_schema_migrations" ON "schema_migrations" ("version")[0m
  [4;35;1mSQL (0.000254)[0m   [0m SELECT name
 FROM sqlite_master
 WHERE type = 'table' AND NOT name = 'sqlite_sequence'
[0m
  [4;36;1mSQL (0.000129)[0m   [0;1mSELECT version FROM "schema_migrations"[0m
  [4;35;1mSQL (0.006651)[0m   [0mINSERT INTO "schema_migrations" (version) VALUES ('0')[0m
  [4;36;1mSQL (0.000512)[0m   [0;1m SELECT name
 FROM sqlite_master
 WHERE type = 'table' AND NOT name = 'sqlite_sequence'
[0m
  [4;35;1mSQL (0.000106)[0m   [0mSELECT version FROM schema_migrations[0m
  [4;36;1mSQL (0.000164)[0m   [0;1mselect sqlite_version(*)[0m
  [4;35;1mSQL (0.000107)[0m   [0mSELECT version FROM schema_migrations[0m
  [4;36;1mSQL (0.000190)[0m   [0;1m SELECT name
 FROM sqlite_master
 WHERE type = 'table' AND NOT name = 'sqlite_sequence'
[0m
  [4;35;1mSQL (0.000230)[0m   [0m SELECT name
 FROM sqlite_master
 WHERE type = 'table' AND NOT name = 'sqlite_sequence'
[0m
  [4;36;1mSQL (0.000702)[0m   [0;1mselect sqlite_version(*)[0m
  [4;35;1mSQL (0.011413)[0m   [0mCREATE TABLE "schema_migrations" ("version" varchar(255) NOT NULL) [0m
  [4;36;1mSQL (0.008696)[0m   [0;1mCREATE UNIQUE INDEX "unique_schema_migrations" ON "schema_migrations" ("version")[0m
  [4;35;1mSQL (0.000209)[0m   [0m SELECT name
 FROM sqlite_master
 WHERE type = 'table' AND NOT name = 'sqlite_sequence'
[0m
  [4;36;1mSQL (0.000106)[0m   [0;1mSELECT version FROM "schema_migrations"[0m
  [4;35;1mSQL (0.006664)[0m   [0mINSERT INTO "schema_migrations" (version) VALUES ('0')[0m
  [4;36;1mSQL (0.000590)[0m   [0;1m SELECT name
 FROM sqlite_master
 WHERE type = 'table' AND NOT name = 'sqlite_sequence'
[0m
  [4;35;1mSQL (0.000135)[0m   [0mSELECT version FROM schema_migrations[0m
  [4;36;1mSQL (0.000191)[0m   [0;1mselect sqlite_version(*)[0m
  [4;35;1mSQL (0.000128)[0m   [0mSELECT version FROM schema_migrations[0m
  [4;36;1mSQL (0.000230)[0m   [0;1m SELECT name
 FROM sqlite_master
 WHERE type = 'table' AND NOT name = 'sqlite_sequence'
[0m
  [4;35;1mSQL (0.000234)[0m   [0m SELECT name
 FROM sqlite_master
 WHERE type = 'table' AND NOT name = 'sqlite_sequence'
[0m
  [4;36;1mSQL (0.000192)[0m   [0;1mselect sqlite_version(*)[0m
  [4;35;1mSQL (0.012531)[0m   [0mCREATE TABLE "schema_migrations" ("version" varchar(255) NOT NULL) [0m
  [4;36;1mSQL (0.007805)[0m   [0;1mCREATE UNIQUE INDEX "unique_schema_migrations" ON "schema_migrations" ("version")[0m
  [4;35;1mSQL (0.000626)[0m   [0m SELECT name
 FROM sqlite_master
 WHERE type = 'table' AND NOT name = 'sqlite_sequence'
[0m
  [4;36;1mSQL (0.000279)[0m   [0;1mSELECT version FROM "schema_migrations"[0m
  [4;35;1mSQL (0.012533)[0m   [0mINSERT INTO "schema_migrations" (version) VALUES ('0')[0m
  [4;36;1mSQL (0.000499)[0m   [0;1m SELECT name
 FROM sqlite_master
 WHERE type = 'table' AND NOT name = 'sqlite_sequence'
[0m
  [4;35;1mSQL (0.000105)[0m   [0mSELECT version FROM schema_migrations[0m
  [4;36;1mSQL (0.000155)[0m   [0;1mselect sqlite_version(*)[0m
  [4;35;1mSQL (0.000107)[0m   [0mSELECT version FROM schema_migrations[0m
  [4;36;1mSQL (0.000188)[0m   [0;1m SELECT name
 FROM sqlite_master
 WHERE type = 'table' AND NOT name = 'sqlite_sequence'
[0m
  [4;35;1mSQL (0.000196)[0m   [0m SELECT name
 FROM sqlite_master
 WHERE type = 'table' AND NOT name = 'sqlite_sequence'
[0m
  [4;36;1mSQL (0.000161)[0m   [0;1mselect sqlite_version(*)[0m
  [4;35;1mSQL (0.012805)[0m   [0mCREATE TABLE "schema_migrations" ("version" varchar(255) NOT NULL) [0m
  [4;36;1mSQL (0.007065)[0m   [0;1mCREATE UNIQUE INDEX "unique_schema_migrations" ON "schema_migrations" ("version")[0m
  [4;35;1mSQL (0.000207)[0m   [0m SELECT name
 FROM sqlite_master
 WHERE type = 'table' AND NOT name = 'sqlite_sequence'
[0m
  [4;36;1mSQL (0.000104)[0m   [0;1mSELECT version FROM "schema_migrations"[0m
  [4;35;1mSQL (0.010507)[0m   [0mINSERT INTO "schema_migrations" (version) VALUES ('0')[0m
  [4;36;1mSQL (0.000493)[0m   [0;1m SELECT name
 FROM sqlite_master
 WHERE type = 'table' AND NOT name = 'sqlite_sequence'
[0m
  [4;35;1mSQL (0.000105)[0m   [0mSELECT version FROM schema_migrations[0m
  [4;36;1mSQL (0.000157)[0m   [0;1mselect sqlite_version(*)[0m
  [4;35;1mSQL (0.000106)[0m   [0mSELECT version FROM schema_migrations[0m
  [4;36;1mSQL (0.000186)[0m   [0;1m SELECT name
 FROM sqlite_master
 WHERE type = 'table' AND NOT name = 'sqlite_sequence'
[0m
  [4;35;1mSQL (0.000203)[0m   [0m SELECT name
 FROM sqlite_master
 WHERE type = 'table' AND NOT name = 'sqlite_sequence'
[0m
  [4;36;1mSQL (0.000163)[0m   [0;1mselect sqlite_version(*)[0m
  [4;35;1mSQL (0.031976)[0m   [0mCREATE TABLE "schema_migrations" ("version" varchar(255) NOT NULL) [0m
  [4;36;1mSQL (0.006656)[0m   [0;1mCREATE UNIQUE INDEX "unique_schema_migrations" ON "schema_migrations" ("version")[0m
  [4;35;1mSQL (0.000249)[0m   [0m SELECT name
 FROM sqlite_master
 WHERE type = 'table' AND NOT name = 'sqlite_sequence'
[0m
  [4;36;1mSQL (0.000127)[0m   [0;1mSELECT version FROM "schema_migrations"[0m
  [4;35;1mSQL (0.006460)[0m   [0mINSERT INTO "schema_migrations" (version) VALUES ('0')[0m
